INFO 2025-05-19 21:02:50,435 autoreload 14132 10960 Watching for file changes with StatReloader
INFO 2025-05-19 21:02:55,659 basehttp 14132 7192 "GET / HTTP/1.1" 200 10275
INFO 2025-05-19 21:02:56,003 basehttp 14132 7192 - Broken pipe from ('127.0.0.1', 55424)
INFO 2025-05-19 21:03:18,143 basehttp 14132 16688 "GET /configuracion/ HTTP/1.1" 200 10886
INFO 2025-05-19 21:03:18,284 basehttp 14132 16688 - Broken pipe from ('127.0.0.1', 55430)
ERROR 2025-05-19 21:03:19,853 log 14132 15544 Internal Server Error: /ips-bloqueadas/
Traceback (most recent call last):
  File "C:\Users\USUARIO\Desktop\fct\FIREWALL\cloudguardian-deploy\backend\venv\Lib\site-packages\django\core\handlers\exception.py", line 55, in inner
    response = get_response(request)
  File "C:\Users\USUARIO\Desktop\fct\FIREWALL\cloudguardian-deploy\backend\venv\Lib\site-packages\django\core\handlers\base.py", line 197, in _get_response
    response = wrapped_callback(request, *callback_args, **callback_kwargs)
  File "C:\Users\USUARIO\Desktop\fct\FIREWALL\cloudguardian-deploy\backend\venv\Lib\site-packages\django\contrib\auth\decorators.py", line 59, in _view_wrapper
    return view_func(request, *args, **kwargs)
  File "C:\Users\USUARIO\Desktop\fct\FIREWALL\cloudguardian-deploy\backend\cloudguardian\views.py", line 658, in ips_bloqueadas
    deny_ips = [ip for ip in deny_ips if _ip_valida(ip)]
                                         ~~~~~~~~~~^^^^
  File "C:\Users\USUARIO\Desktop\fct\FIREWALL\cloudguardian-deploy\backend\cloudguardian\utils.py", line 35, in _ip_valida
    ip_address.ip_network(cadena, strict=False)
    ^^^^^^^^^^^^^^^^^^^^^
AttributeError: 'function' object has no attribute 'ip_network'
ERROR 2025-05-19 21:03:19,859 basehttp 14132 15544 "GET /ips-bloqueadas/ HTTP/1.1" 500 102914
ERROR 2025-05-19 21:03:49,102 log 14132 15544 Internal Server Error: /ips-bloqueadas/
Traceback (most recent call last):
  File "C:\Users\USUARIO\Desktop\fct\FIREWALL\cloudguardian-deploy\backend\venv\Lib\site-packages\django\core\handlers\exception.py", line 55, in inner
    response = get_response(request)
  File "C:\Users\USUARIO\Desktop\fct\FIREWALL\cloudguardian-deploy\backend\venv\Lib\site-packages\django\core\handlers\base.py", line 197, in _get_response
    response = wrapped_callback(request, *callback_args, **callback_kwargs)
  File "C:\Users\USUARIO\Desktop\fct\FIREWALL\cloudguardian-deploy\backend\venv\Lib\site-packages\django\contrib\auth\decorators.py", line 59, in _view_wrapper
    return view_func(request, *args, **kwargs)
  File "C:\Users\USUARIO\Desktop\fct\FIREWALL\cloudguardian-deploy\backend\cloudguardian\views.py", line 658, in ips_bloqueadas
    deny_ips = [ip for ip in deny_ips if _ip_valida(ip)]
                                         ~~~~~~~~~~^^^^
  File "C:\Users\USUARIO\Desktop\fct\FIREWALL\cloudguardian-deploy\backend\cloudguardian\utils.py", line 35, in _ip_valida
    ip_address.ip_network(cadena, strict=False)
    ^^^^^^^^^^^^^^^^^^^^^
AttributeError: 'function' object has no attribute 'ip_network'
ERROR 2025-05-19 21:03:49,106 basehttp 14132 15544 "GET /ips-bloqueadas/ HTTP/1.1" 500 102914
WARNING 2025-05-19 21:03:49,132 log 14132 15544 Not Found: /favicon.ico
INFO 2025-05-19 21:03:49,133 basehttp 14132 15544 - Broken pipe from ('127.0.0.1', 55431)
INFO 2025-05-19 21:04:30,197 basehttp 14132 13700 "GET /rutas-protegidas/ HTTP/1.1" 200 6713
ERROR 2025-05-19 21:04:33,158 log 14132 13700 Internal Server Error: /destinos/
Traceback (most recent call last):
  File "C:\Users\USUARIO\Desktop\fct\FIREWALL\cloudguardian-deploy\backend\venv\Lib\site-packages\django\core\handlers\exception.py", line 55, in inner
    response = get_response(request)
  File "C:\Users\USUARIO\Desktop\fct\FIREWALL\cloudguardian-deploy\backend\venv\Lib\site-packages\django\core\handlers\base.py", line 197, in _get_response
    response = wrapped_callback(request, *callback_args, **callback_kwargs)
  File "C:\Users\USUARIO\Desktop\fct\FIREWALL\cloudguardian-deploy\backend\venv\Lib\site-packages\django\contrib\auth\decorators.py", line 59, in _view_wrapper
    return view_func(request, *args, **kwargs)
  File "C:\Users\USUARIO\Desktop\fct\FIREWALL\cloudguardian-deploy\backend\cloudguardian\views.py", line 1229, in destinos_externos
    return render(request, "destinos_externos.html", {
        "destinos": destinos
    })
  File "C:\Users\USUARIO\Desktop\fct\FIREWALL\cloudguardian-deploy\backend\venv\Lib\site-packages\django\shortcuts.py", line 25, in render
    content = loader.render_to_string(template_name, context, request, using=using)
  File "C:\Users\USUARIO\Desktop\fct\FIREWALL\cloudguardian-deploy\backend\venv\Lib\site-packages\django\template\loader.py", line 61, in render_to_string
    template = get_template(template_name, using=using)
  File "C:\Users\USUARIO\Desktop\fct\FIREWALL\cloudguardian-deploy\backend\venv\Lib\site-packages\django\template\loader.py", line 19, in get_template
    raise TemplateDoesNotExist(template_name, chain=chain)
django.template.exceptions.TemplateDoesNotExist: destinos_externos.html
ERROR 2025-05-19 21:04:33,162 basehttp 14132 13700 "GET /destinos/ HTTP/1.1" 500 105332
INFO 2025-05-19 21:05:29,034 basehttp 14132 13700 "GET /configuracion/ HTTP/1.1" 200 10886
INFO 2025-05-19 21:05:29,173 basehttp 14132 13700 - Broken pipe from ('127.0.0.1', 55436)
INFO 2025-05-19 21:05:30,570 basehttp 14132 15508 "GET / HTTP/1.1" 200 10275
INFO 2025-05-19 21:05:35,465 basehttp 14132 15508 "GET /dominios_proxy/ HTTP/1.1" 200 6543
INFO 2025-05-19 21:05:40,312 basehttp 14132 15508 "GET / HTTP/1.1" 200 10275
INFO 2025-05-19 21:05:40,454 basehttp 14132 8960 - Broken pipe from ('127.0.0.1', 55445)
INFO 2025-05-19 21:05:42,499 basehttp 14132 15508 "GET /rutas-protegidas/ HTTP/1.1" 200 6713
INFO 2025-05-19 21:05:44,963 basehttp 14132 15508 "GET / HTTP/1.1" 200 10275
INFO 2025-05-19 21:05:51,032 basehttp 14132 15508 "GET /configuracion/ HTTP/1.1" 200 10886
INFO 2025-05-19 21:05:51,163 basehttp 14132 15508 - Broken pipe from ('127.0.0.1', 55440)
ERROR 2025-05-19 21:05:57,612 log 14132 18944 Internal Server Error: /ips-bloqueadas/
Traceback (most recent call last):
  File "C:\Users\USUARIO\Desktop\fct\FIREWALL\cloudguardian-deploy\backend\venv\Lib\site-packages\django\core\handlers\exception.py", line 55, in inner
    response = get_response(request)
  File "C:\Users\USUARIO\Desktop\fct\FIREWALL\cloudguardian-deploy\backend\venv\Lib\site-packages\django\core\handlers\base.py", line 197, in _get_response
    response = wrapped_callback(request, *callback_args, **callback_kwargs)
  File "C:\Users\USUARIO\Desktop\fct\FIREWALL\cloudguardian-deploy\backend\venv\Lib\site-packages\django\contrib\auth\decorators.py", line 59, in _view_wrapper
    return view_func(request, *args, **kwargs)
  File "C:\Users\USUARIO\Desktop\fct\FIREWALL\cloudguardian-deploy\backend\cloudguardian\views.py", line 658, in ips_bloqueadas
    deny_ips = [ip for ip in deny_ips if _ip_valida(ip)]
                                         ~~~~~~~~~~^^^^
  File "C:\Users\USUARIO\Desktop\fct\FIREWALL\cloudguardian-deploy\backend\cloudguardian\utils.py", line 35, in _ip_valida
    ip_address.ip_network(cadena, strict=False)
    ^^^^^^^^^^^^^^^^^^^^^
AttributeError: 'function' object has no attribute 'ip_network'
ERROR 2025-05-19 21:05:57,615 basehttp 14132 18944 "GET /ips-bloqueadas/ HTTP/1.1" 500 102914
WARNING 2025-05-19 21:05:57,652 log 14132 18944 Not Found: /favicon.ico
INFO 2025-05-19 21:05:57,653 basehttp 14132 18944 - Broken pipe from ('127.0.0.1', 55452)
INFO 2025-05-19 21:06:46,738 autoreload 14132 10960 C:\Users\USUARIO\Desktop\fct\FIREWALL\cloudguardian-deploy\backend\cloudguardian\utils.py changed, reloading.
INFO 2025-05-19 21:06:47,346 autoreload 764 2524 Watching for file changes with StatReloader
INFO 2025-05-19 21:07:00,855 autoreload 764 2524 C:\Users\USUARIO\Desktop\fct\FIREWALL\cloudguardian-deploy\backend\cloudguardian\utils.py changed, reloading.
INFO 2025-05-19 21:07:01,457 autoreload 3372 1852 Watching for file changes with StatReloader
INFO 2025-05-19 21:08:21,853 basehttp 3372 9828 "GET /destinos/ HTTP/1.1" 200 8835
INFO 2025-05-19 21:08:22,054 basehttp 3372 9828 - Broken pipe from ('127.0.0.1', 55469)
INFO 2025-05-19 21:08:25,761 basehttp 3372 9776 "GET /rutas-protegidas/ HTTP/1.1" 200 6713
INFO 2025-05-19 21:08:25,926 basehttp 3372 9776 - Broken pipe from ('127.0.0.1', 55470)
INFO 2025-05-19 21:08:27,253 basehttp 3372 15056 "GET /configuracion/ HTTP/1.1" 200 10886
INFO 2025-05-19 21:08:28,409 basehttp 3372 15056 "GET / HTTP/1.1" 200 10275
INFO 2025-05-19 21:08:28,569 basehttp 3372 15056 - Broken pipe from ('127.0.0.1', 55472)
INFO 2025-05-19 21:08:32,688 basehttp 3372 5852 "GET /destinos/ HTTP/1.1" 200 8835
INFO 2025-05-19 21:08:35,856 views 3372 5852 Usuario 'ian1990' intentando acción 'delete' en destinos externos (Alias: '', Target: '').
INFO 2025-05-19 21:08:35,858 basehttp 3372 5852 "POST /destinos/ HTTP/1.1" 302 0
INFO 2025-05-19 21:08:35,865 basehttp 3372 5852 "GET /destinos/ HTTP/1.1" 200 9190
INFO 2025-05-19 21:08:41,025 views 3372 5852 Usuario 'ian1990' intentando acción 'delete' en destinos externos (Alias: '', Target: '').
INFO 2025-05-19 21:08:41,026 basehttp 3372 5852 "POST /destinos/ HTTP/1.1" 302 0
INFO 2025-05-19 21:08:41,034 basehttp 3372 5852 "GET /destinos/ HTTP/1.1" 200 9190
INFO 2025-05-19 21:08:47,841 basehttp 3372 5852 "GET /rutas-protegidas/ HTTP/1.1" 200 6713
INFO 2025-05-19 21:08:54,712 views 3372 5852 Usuario 'ian1990' intentando acción 'delete' en rutas protegidas (Ruta add: '/ian1990/', Ruta del: '/ian1990/casa').
INFO 2025-05-19 21:08:54,719 views 3372 5852 Ruta '/ian1990/casa' eliminada del UserJSON de 'ian1990'.
INFO 2025-05-19 21:08:54,720 utils 3372 5852 Generando configuración global de Caddy…
INFO 2025-05-19 21:08:54,723 utils 3372 5852 Ruta catch-all a Django configurada con dial: ':8000'.
INFO 2025-05-19 21:08:54,725 utils 3372 5852 Configuración de Caddy guardada en: C:\Users\USUARIO\Desktop\fct\FIREWALL\cloudguardian-deploy\backend\caddy_configs\caddy.json
ERROR 2025-05-19 21:08:56,790 utils 3372 5852 No se pudo conectar con la API de Caddy en http://127.0.0.1:2019. ¿Está Caddy corriendo?
WARNING 2025-05-19 21:08:56,791 views 3372 5852 Fallo en la recarga de Caddy tras eliminar ruta protegida para 'ian1990': Error: No se pudo conectar con el servidor Caddy. Por favor, verifica su estado.
INFO 2025-05-19 21:08:56,792 basehttp 3372 5852 "POST /rutas-protegidas/ HTTP/1.1" 302 0
INFO 2025-05-19 21:08:56,799 basehttp 3372 5852 "GET /rutas-protegidas/ HTTP/1.1" 200 7108
INFO 2025-05-19 21:09:01,592 basehttp 3372 5852 "GET /ips-bloqueadas/ HTTP/1.1" 200 7147
INFO 2025-05-19 21:09:04,441 basehttp 3372 5852 "GET /configuracion/ HTTP/1.1" 200 10160
INFO 2025-05-19 21:09:04,569 basehttp 3372 5852 - Broken pipe from ('127.0.0.1', 55474)
INFO 2025-05-19 21:09:09,490 basehttp 3372 5296 "GET / HTTP/1.1" 200 10275
INFO 2025-05-19 21:09:12,662 basehttp 3372 5296 "GET /dominios_proxy/ HTTP/1.1" 200 6543
INFO 2025-05-19 21:09:12,805 basehttp 3372 5296 - Broken pipe from ('127.0.0.1', 55478)
INFO 2025-05-19 21:09:14,046 basehttp 3372 16440 "GET / HTTP/1.1" 200 10275
INFO 2025-05-19 21:09:16,376 basehttp 3372 16440 "GET /destinos/ HTTP/1.1" 200 8835
INFO 2025-05-19 21:09:18,668 views 3372 16440 Usuario 'ian1990' intentando acción 'delete' en destinos externos (Alias: '', Target: '').
INFO 2025-05-19 21:09:18,669 basehttp 3372 16440 "POST /destinos/ HTTP/1.1" 302 0
INFO 2025-05-19 21:09:18,675 basehttp 3372 16440 "GET /destinos/ HTTP/1.1" 200 9190
INFO 2025-05-19 21:09:26,809 basehttp 3372 11312 "GET /destinos/ HTTP/1.1" 302 0
INFO 2025-05-19 21:09:26,827 basehttp 3372 11312 "GET /login/?next=/destinos/ HTTP/1.1" 200 6256
INFO 2025-05-19 21:09:29,859 views 3372 16440 Usuario 'ian1990' intentando acción 'delete' en destinos externos (Alias: '', Target: '').
INFO 2025-05-19 21:09:29,860 basehttp 3372 16440 "POST /destinos/ HTTP/1.1" 302 0
INFO 2025-05-19 21:09:29,874 basehttp 3372 16440 "GET /destinos/ HTTP/1.1" 200 9190
INFO 2025-05-19 22:57:44,070 basehttp 3372 19088 "GET / HTTP/1.1" 302 0
INFO 2025-05-19 22:57:44,085 basehttp 3372 16396 "GET /login/?next=/ HTTP/1.1" 200 6256
INFO 2025-05-19 22:57:50,678 basehttp 3372 672 "GET / HTTP/1.1" 302 0
INFO 2025-05-19 22:57:50,680 basehttp 3372 672 - Broken pipe from ('192.168.1.13', 65439)
WARNING 2025-05-19 22:57:50,760 log 3372 12196 Not Found: /loginMsg.js
WARNING 2025-05-19 22:57:50,761 basehttp 3372 12196 "GET /loginMsg.js HTTP/1.1" 404 4854
WARNING 2025-05-19 22:57:50,781 log 3372 25168 Not Found: /cgi/get.cgi
WARNING 2025-05-19 22:57:50,784 basehttp 3372 25168 "GET /cgi/get.cgi?cmd=home_login HTTP/1.1" 404 4869
INFO 2025-05-20 10:55:28,832 basehttp 3372 14780 "GET / HTTP/1.1" 302 0
INFO 2025-05-20 10:55:28,849 basehttp 3372 6716 "GET /login/?next=/ HTTP/1.1" 200 6256
INFO 2025-05-20 10:55:35,326 basehttp 3372 15852 "GET / HTTP/1.1" 302 0
INFO 2025-05-20 10:55:35,327 basehttp 3372 15852 - Broken pipe from ('192.168.1.13', 49981)
WARNING 2025-05-20 10:55:35,374 log 3372 15480 Not Found: /loginMsg.js
WARNING 2025-05-20 10:55:35,376 basehttp 3372 15480 "GET /loginMsg.js HTTP/1.1" 404 4854
WARNING 2025-05-20 10:55:35,388 log 3372 15632 Not Found: /cgi/get.cgi
WARNING 2025-05-20 10:55:35,389 basehttp 3372 15632 "GET /cgi/get.cgi?cmd=home_login HTTP/1.1" 404 4869
WARNING 2025-05-20 10:55:38,349 log 3372 28128 Not Found: /boaform/formTracert
WARNING 2025-05-20 10:55:38,350 basehttp 3372 28128 "POST /boaform/formTracert HTTP/1.1" 404 4884
INFO 2025-05-20 11:33:37,053 basehttp 3372 21172 "GET / HTTP/1.1" 200 10275
INFO 2025-05-20 11:33:37,334 basehttp 3372 21172 - Broken pipe from ('127.0.0.1', 56315)
INFO 2025-05-20 13:14:02,692 autoreload 3372 1852 C:\Users\USUARIO\Desktop\fct\FIREWALL\cloudguardian-deploy\backend\cloudguardian\utils.py changed, reloading.
INFO 2025-05-20 13:14:03,768 autoreload 24608 27436 Watching for file changes with StatReloader
INFO 2025-05-20 13:14:08,077 autoreload 24608 27436 C:\Users\USUARIO\Desktop\fct\FIREWALL\cloudguardian-deploy\backend\cloudguardian\utils.py changed, reloading.
INFO 2025-05-20 13:14:08,780 autoreload 28492 4328 Watching for file changes with StatReloader
INFO 2025-05-20 13:15:16,300 autoreload 28492 4328 C:\Users\USUARIO\Desktop\fct\FIREWALL\cloudguardian-deploy\backend\cloudguardian\utils.py changed, reloading.
INFO 2025-05-20 13:15:16,975 autoreload 5012 8624 Watching for file changes with StatReloader
INFO 2025-05-20 13:15:23,218 autoreload 5012 8624 C:\Users\USUARIO\Desktop\fct\FIREWALL\cloudguardian-deploy\backend\cloudguardian\utils.py changed, reloading.
INFO 2025-05-20 13:15:23,887 autoreload 15800 27120 Watching for file changes with StatReloader
INFO 2025-05-20 13:15:37,687 autoreload 15800 27120 C:\Users\USUARIO\Desktop\fct\FIREWALL\cloudguardian-deploy\backend\cloudguardian\views.py changed, reloading.
INFO 2025-05-20 13:15:38,417 autoreload 4584 23096 Watching for file changes with StatReloader
INFO 2025-05-20 13:16:20,754 autoreload 4584 23096 C:\Users\USUARIO\Desktop\fct\FIREWALL\cloudguardian-deploy\backend\cloudguardian\views.py changed, reloading.
INFO 2025-05-20 13:16:21,761 autoreload 26064 21528 Watching for file changes with StatReloader
INFO 2025-05-20 13:16:23,622 autoreload 26064 21528 C:\Users\USUARIO\Desktop\fct\FIREWALL\cloudguardian-deploy\backend\cloudguardian\views.py changed, reloading.
INFO 2025-05-20 13:16:24,324 autoreload 24932 26176 Watching for file changes with StatReloader
INFO 2025-05-20 13:16:32,762 autoreload 24932 26176 C:\Users\USUARIO\Desktop\fct\FIREWALL\cloudguardian-deploy\backend\cloudguardian\views.py changed, reloading.
INFO 2025-05-20 13:16:33,464 autoreload 2032 27832 Watching for file changes with StatReloader
INFO 2025-05-20 13:17:06,352 autoreload 2032 27832 C:\Users\USUARIO\Desktop\fct\FIREWALL\cloudguardian-deploy\backend\cloudguardian\utils.py changed, reloading.
INFO 2025-05-20 13:17:07,031 autoreload 4912 20556 Watching for file changes with StatReloader
INFO 2025-05-20 13:17:47,047 autoreload 4912 20556 C:\Users\USUARIO\Desktop\fct\FIREWALL\cloudguardian-deploy\backend\cloudguardian\utils.py changed, reloading.
INFO 2025-05-20 13:17:47,770 autoreload 28316 7520 Watching for file changes with StatReloader
INFO 2025-05-20 13:18:34,208 autoreload 28316 7520 C:\Users\USUARIO\Desktop\fct\FIREWALL\cloudguardian-deploy\backend\cloudguardian\views.py changed, reloading.
INFO 2025-05-20 13:18:34,872 autoreload 22484 23504 Watching for file changes with StatReloader
INFO 2025-05-20 13:18:37,987 autoreload 22484 23504 C:\Users\USUARIO\Desktop\fct\FIREWALL\cloudguardian-deploy\backend\cloudguardian\views.py changed, reloading.
INFO 2025-05-20 13:18:38,692 autoreload 11192 22576 Watching for file changes with StatReloader
INFO 2025-05-20 13:18:43,866 autoreload 11192 22576 C:\Users\USUARIO\Desktop\fct\FIREWALL\cloudguardian-deploy\backend\cloudguardian\views.py changed, reloading.
INFO 2025-05-20 13:18:44,531 autoreload 19080 19092 Watching for file changes with StatReloader
INFO 2025-05-20 13:18:46,561 autoreload 19080 19092 C:\Users\USUARIO\Desktop\fct\FIREWALL\cloudguardian-deploy\backend\cloudguardian\views.py changed, reloading.
INFO 2025-05-20 13:18:47,227 autoreload 25656 13568 Watching for file changes with StatReloader
INFO 2025-05-20 13:19:57,990 autoreload 25656 13568 C:\Users\USUARIO\Desktop\fct\FIREWALL\cloudguardian-deploy\backend\cloudguardian\views.py changed, reloading.
INFO 2025-05-20 13:19:58,684 autoreload 21632 24000 Watching for file changes with StatReloader
INFO 2025-05-20 13:20:16,566 autoreload 21632 24000 C:\Users\USUARIO\Desktop\fct\FIREWALL\cloudguardian-deploy\backend\cloudguardian\views.py changed, reloading.
INFO 2025-05-20 13:20:17,272 autoreload 11648 12484 Watching for file changes with StatReloader
INFO 2025-05-20 13:21:06,809 autoreload 11648 12484 C:\Users\USUARIO\Desktop\fct\FIREWALL\cloudguardian-deploy\backend\cloudguardian\views.py changed, reloading.
INFO 2025-05-20 13:21:07,512 autoreload 12188 24460 Watching for file changes with StatReloader
INFO 2025-05-20 13:21:31,338 basehttp 12188 280 "GET /configuracion/ HTTP/1.1" 200 10160
INFO 2025-05-20 13:21:31,709 basehttp 12188 280 - Broken pipe from ('127.0.0.1', 58710)
INFO 2025-05-20 13:21:34,776 basehttp 12188 1724 "GET /ips-bloqueadas/ HTTP/1.1" 200 7147
INFO 2025-05-20 13:21:36,928 basehttp 12188 1724 "GET /destinos/ HTTP/1.1" 200 8835
INFO 2025-05-20 13:21:40,153 basehttp 12188 1724 "GET / HTTP/1.1" 200 10275
INFO 2025-05-20 15:33:38,081 basehttp 12188 24784 "GET / HTTP/1.1" 200 10275
INFO 2025-05-20 15:33:38,344 basehttp 12188 24784 - Broken pipe from ('127.0.0.1', 58107)
INFO 2025-05-20 15:35:18,352 basehttp 12188 18528 "GET /configuracion/ HTTP/1.1" 200 10160
INFO 2025-05-20 15:35:22,890 basehttp 12188 18528 "GET /ips-bloqueadas/ HTTP/1.1" 200 7147
INFO 2025-05-20 15:35:27,276 basehttp 12188 18528 "GET /rutas-protegidas/ HTTP/1.1" 200 6669
INFO 2025-05-20 15:35:30,443 basehttp 12188 18528 "GET /destinos/ HTTP/1.1" 200 8835
INFO 2025-05-20 15:35:42,210 views 12188 18528 Usuario 'ian1990' intentando acción 'delete' en destinos externos (Alias: '', Target: '').
INFO 2025-05-20 15:35:42,212 basehttp 12188 18528 "POST /destinos/ HTTP/1.1" 302 0
INFO 2025-05-20 15:35:42,221 basehttp 12188 18528 "GET /destinos/ HTTP/1.1" 200 9190
INFO 2025-05-20 15:35:53,424 basehttp 12188 18528 "GET /rutas-protegidas/ HTTP/1.1" 200 6669
INFO 2025-05-20 15:36:02,540 basehttp 12188 18528 "GET /ips-bloqueadas/ HTTP/1.1" 200 7147
INFO 2025-05-20 15:36:08,317 basehttp 12188 18528 "GET /configuracion/ HTTP/1.1" 200 10160
INFO 2025-05-20 15:36:19,751 basehttp 12188 18528 "GET / HTTP/1.1" 200 10275
INFO 2025-05-20 15:37:35,179 autoreload 12188 24460 C:\Users\USUARIO\Desktop\fct\FIREWALL\cloudguardian-deploy\backend\cloudguardian\views.py changed, reloading.
INFO 2025-05-20 15:37:37,369 autoreload 21604 25920 Watching for file changes with StatReloader
INFO 2025-05-20 15:37:54,406 autoreload 21604 25920 C:\Users\USUARIO\Desktop\fct\FIREWALL\cloudguardian-deploy\backend\cloudguardian\views.py changed, reloading.
INFO 2025-05-20 15:37:54,988 autoreload 14876 24228 Watching for file changes with StatReloader
INFO 2025-05-20 15:38:10,606 autoreload 14876 24228 C:\Users\USUARIO\Desktop\fct\FIREWALL\cloudguardian-deploy\backend\cloudguardian\views.py changed, reloading.
INFO 2025-05-20 15:38:11,256 autoreload 2984 15512 Watching for file changes with StatReloader
INFO 2025-05-20 15:38:16,419 autoreload 2984 15512 C:\Users\USUARIO\Desktop\fct\FIREWALL\cloudguardian-deploy\backend\cloudguardian\views.py changed, reloading.
INFO 2025-05-20 15:38:17,008 autoreload 21372 17108 Watching for file changes with StatReloader
INFO 2025-05-20 15:41:27,210 autoreload 21372 17108 C:\Users\USUARIO\Desktop\fct\FIREWALL\cloudguardian-deploy\backend\cloudguardian\views.py changed, reloading.
INFO 2025-05-20 15:41:27,849 autoreload 4100 11368 Watching for file changes with StatReloader
INFO 2025-05-20 15:41:29,651 autoreload 4100 11368 C:\Users\USUARIO\Desktop\fct\FIREWALL\cloudguardian-deploy\backend\cloudguardian\views.py changed, reloading.
INFO 2025-05-20 15:41:30,236 autoreload 28564 23316 Watching for file changes with StatReloader
INFO 2025-05-20 15:41:34,300 autoreload 28564 23316 C:\Users\USUARIO\Desktop\fct\FIREWALL\cloudguardian-deploy\backend\cloudguardian\views.py changed, reloading.
INFO 2025-05-20 15:41:34,981 autoreload 25964 28200 Watching for file changes with StatReloader
INFO 2025-05-20 15:42:40,972 basehttp 25964 23984 "GET / HTTP/1.1" 200 10275
ERROR 2025-05-20 15:43:58,655 log 25964 23984 Internal Server Error: /dominios_proxy/
Traceback (most recent call last):
  File "C:\Users\USUARIO\Desktop\fct\FIREWALL\cloudguardian-deploy\backend\cloudguardian\views.py", line 1253, in dominios_proxy_view
    caddy_config = construir_configuracion_global(request.user) # Obtiene la configuración de Caddy
TypeError: construir_configuracion_global() takes 0 positional arguments but 1 was given

During handling of the above exception, another exception occurred:

Traceback (most recent call last):
  File "C:\Users\USUARIO\Desktop\fct\FIREWALL\cloudguardian-deploy\backend\venv\Lib\site-packages\django\core\handlers\exception.py", line 55, in inner
    response = get_response(request)
  File "C:\Users\USUARIO\Desktop\fct\FIREWALL\cloudguardian-deploy\backend\venv\Lib\site-packages\django\core\handlers\base.py", line 197, in _get_response
    response = wrapped_callback(request, *callback_args, **callback_kwargs)
  File "C:\Users\USUARIO\Desktop\fct\FIREWALL\cloudguardian-deploy\backend\venv\Lib\site-packages\django\contrib\auth\decorators.py", line 59, in _view_wrapper
    return view_func(request, *args, **kwargs)
  File "C:\Users\USUARIO\Desktop\fct\FIREWALL\cloudguardian-deploy\backend\cloudguardian\views.py", line 1292, in dominios_proxy_view
    except ca as e:
           ^^
NameError: name 'ca' is not defined
ERROR 2025-05-20 15:43:58,664 basehttp 25964 23984 "GET /dominios_proxy/ HTTP/1.1" 500 84384
INFO 2025-05-20 15:44:29,908 autoreload 25964 28200 C:\Users\USUARIO\Desktop\fct\FIREWALL\cloudguardian-deploy\backend\cloudguardian\views.py changed, reloading.
INFO 2025-05-20 15:44:30,531 autoreload 22908 26348 Watching for file changes with StatReloader
ERROR 2025-05-20 15:44:34,124 log 22908 21852 Internal Server Error: /dominios_proxy/
Traceback (most recent call last):
  File "C:\Users\USUARIO\Desktop\fct\FIREWALL\cloudguardian-deploy\backend\cloudguardian\views.py", line 1253, in dominios_proxy_view
    caddy_config = construir_configuracion_global(request.user) # Obtiene la configuración de Caddy
TypeError: construir_configuracion_global() takes 0 positional arguments but 1 was given

During handling of the above exception, another exception occurred:

Traceback (most recent call last):
  File "C:\Users\USUARIO\Desktop\fct\FIREWALL\cloudguardian-deploy\backend\venv\Lib\site-packages\django\core\handlers\exception.py", line 55, in inner
    response = get_response(request)
  File "C:\Users\USUARIO\Desktop\fct\FIREWALL\cloudguardian-deploy\backend\venv\Lib\site-packages\django\core\handlers\base.py", line 197, in _get_response
    response = wrapped_callback(request, *callback_args, **callback_kwargs)
  File "C:\Users\USUARIO\Desktop\fct\FIREWALL\cloudguardian-deploy\backend\venv\Lib\site-packages\django\contrib\auth\decorators.py", line 59, in _view_wrapper
    return view_func(request, *args, **kwargs)
  File "C:\Users\USUARIO\Desktop\fct\FIREWALL\cloudguardian-deploy\backend\cloudguardian\views.py", line 1292, in dominios_proxy_view
    except CaddyAPIError as e:
           ^^^^^^^^^^^^^
NameError: name 'CaddyAPIError' is not defined
ERROR 2025-05-20 15:44:34,133 basehttp 22908 21852 "GET /dominios_proxy/ HTTP/1.1" 500 84472
INFO 2025-05-20 15:45:12,653 autoreload 22908 26348 C:\Users\USUARIO\Desktop\fct\FIREWALL\cloudguardian-deploy\backend\cloudguardian\views.py changed, reloading.
INFO 2025-05-20 15:45:13,264 autoreload 20292 21340 Watching for file changes with StatReloader
INFO 2025-05-20 15:45:16,146 autoreload 20292 21340 C:\Users\USUARIO\Desktop\fct\FIREWALL\cloudguardian-deploy\backend\cloudguardian\views.py changed, reloading.
INFO 2025-05-20 15:45:16,749 autoreload 25664 23720 Watching for file changes with StatReloader
INFO 2025-05-20 15:45:19,540 autoreload 25664 23720 C:\Users\USUARIO\Desktop\fct\FIREWALL\cloudguardian-deploy\backend\cloudguardian\views.py changed, reloading.
INFO 2025-05-20 15:45:20,120 autoreload 24580 23132 Watching for file changes with StatReloader
INFO 2025-05-20 15:45:23,084 autoreload 24580 23132 C:\Users\USUARIO\Desktop\fct\FIREWALL\cloudguardian-deploy\backend\cloudguardian\views.py changed, reloading.
INFO 2025-05-20 15:45:23,705 autoreload 24364 20260 Watching for file changes with StatReloader
INFO 2025-05-20 15:45:29,889 autoreload 24364 20260 C:\Users\USUARIO\Desktop\fct\FIREWALL\cloudguardian-deploy\backend\cloudguardian\views.py changed, reloading.
INFO 2025-05-20 15:45:30,483 autoreload 15560 24640 Watching for file changes with StatReloader
INFO 2025-05-20 15:45:54,525 autoreload 15560 24640 C:\Users\USUARIO\Desktop\fct\FIREWALL\cloudguardian-deploy\backend\cloudguardian\views.py changed, reloading.
INFO 2025-05-20 15:45:55,255 autoreload 19692 27240 Watching for file changes with StatReloader
INFO 2025-05-20 15:45:59,195 autoreload 19692 27240 C:\Users\USUARIO\Desktop\fct\FIREWALL\cloudguardian-deploy\backend\cloudguardian\views.py changed, reloading.
INFO 2025-05-20 15:45:59,765 autoreload 21636 20384 Watching for file changes with StatReloader
INFO 2025-05-20 15:46:03,793 autoreload 21636 20384 C:\Users\USUARIO\Desktop\fct\FIREWALL\cloudguardian-deploy\backend\cloudguardian\views.py changed, reloading.
INFO 2025-05-20 15:46:04,388 autoreload 2176 15468 Watching for file changes with StatReloader
INFO 2025-05-20 15:46:06,391 autoreload 2176 15468 C:\Users\USUARIO\Desktop\fct\FIREWALL\cloudguardian-deploy\backend\cloudguardian\views.py changed, reloading.
INFO 2025-05-20 15:46:06,965 autoreload 25892 20328 Watching for file changes with StatReloader
INFO 2025-05-20 15:46:08,719 autoreload 25892 20328 C:\Users\USUARIO\Desktop\fct\FIREWALL\cloudguardian-deploy\backend\cloudguardian\views.py changed, reloading.
INFO 2025-05-20 15:46:09,294 autoreload 26724 22812 Watching for file changes with StatReloader
INFO 2025-05-20 15:46:12,298 autoreload 26724 22812 C:\Users\USUARIO\Desktop\fct\FIREWALL\cloudguardian-deploy\backend\cloudguardian\views.py changed, reloading.
INFO 2025-05-20 15:46:12,945 autoreload 26884 27672 Watching for file changes with StatReloader
INFO 2025-05-20 15:47:03,343 autoreload 26884 27672 C:\Users\USUARIO\Desktop\fct\FIREWALL\cloudguardian-deploy\backend\cloudguardian\views.py changed, reloading.
INFO 2025-05-20 15:47:03,958 autoreload 24892 19640 Watching for file changes with StatReloader
INFO 2025-05-20 15:47:06,763 autoreload 24892 19640 C:\Users\USUARIO\Desktop\fct\FIREWALL\cloudguardian-deploy\backend\cloudguardian\views.py changed, reloading.
INFO 2025-05-20 15:47:07,365 autoreload 12376 8396 Watching for file changes with StatReloader
INFO 2025-05-20 15:47:10,136 autoreload 12376 8396 C:\Users\USUARIO\Desktop\fct\FIREWALL\cloudguardian-deploy\backend\cloudguardian\views.py changed, reloading.
INFO 2025-05-20 15:47:10,668 autoreload 18908 4100 Watching for file changes with StatReloader
INFO 2025-05-20 15:47:12,419 autoreload 18908 4100 C:\Users\USUARIO\Desktop\fct\FIREWALL\cloudguardian-deploy\backend\cloudguardian\views.py changed, reloading.
INFO 2025-05-20 15:47:13,007 autoreload 22952 26736 Watching for file changes with StatReloader
INFO 2025-05-20 15:47:41,243 autoreload 22952 26736 C:\Users\USUARIO\Desktop\fct\FIREWALL\cloudguardian-deploy\backend\cloudguardian\views.py changed, reloading.
INFO 2025-05-20 15:47:41,829 autoreload 11364 24316 Watching for file changes with StatReloader
INFO 2025-05-20 15:48:00,320 autoreload 11364 24316 C:\Users\USUARIO\Desktop\fct\FIREWALL\cloudguardian-deploy\backend\cloudguardian\views.py changed, reloading.
INFO 2025-05-20 15:48:00,905 autoreload 15512 576 Watching for file changes with StatReloader
INFO 2025-05-20 15:48:07,039 autoreload 15512 576 C:\Users\USUARIO\Desktop\fct\FIREWALL\cloudguardian-deploy\backend\cloudguardian\views.py changed, reloading.
INFO 2025-05-20 15:48:07,718 autoreload 22144 3936 Watching for file changes with StatReloader
INFO 2025-05-20 15:48:09,666 autoreload 22144 3936 C:\Users\USUARIO\Desktop\fct\FIREWALL\cloudguardian-deploy\backend\cloudguardian\views.py changed, reloading.
INFO 2025-05-20 15:48:10,288 autoreload 20168 23008 Watching for file changes with StatReloader
INFO 2025-05-20 15:48:15,379 autoreload 20168 23008 C:\Users\USUARIO\Desktop\fct\FIREWALL\cloudguardian-deploy\backend\cloudguardian\views.py changed, reloading.
INFO 2025-05-20 15:48:15,967 autoreload 16612 27248 Watching for file changes with StatReloader
INFO 2025-05-20 15:48:24,242 autoreload 16612 27248 C:\Users\USUARIO\Desktop\fct\FIREWALL\cloudguardian-deploy\backend\cloudguardian\views.py changed, reloading.
INFO 2025-05-20 15:48:24,869 autoreload 1792 27540 Watching for file changes with StatReloader
INFO 2025-05-20 15:49:12,410 basehttp 1792 24792 "GET / HTTP/1.1" 200 10275
ERROR 2025-05-20 15:49:14,012 log 1792 24792 Internal Server Error: /dominios_proxy/
Traceback (most recent call last):
  File "C:\Users\USUARIO\Desktop\fct\FIREWALL\cloudguardian-deploy\backend\cloudguardian\views.py", line 1253, in dominios_proxy_view
    caddy_config = construir_configuracion_global(request.user) # Obtiene la configuración de Caddy
TypeError: construir_configuracion_global() takes 0 positional arguments but 1 was given

During handling of the above exception, another exception occurred:

Traceback (most recent call last):
  File "C:\Users\USUARIO\Desktop\fct\FIREWALL\cloudguardian-deploy\backend\venv\Lib\site-packages\django\core\handlers\exception.py", line 55, in inner
    response = get_response(request)
  File "C:\Users\USUARIO\Desktop\fct\FIREWALL\cloudguardian-deploy\backend\venv\Lib\site-packages\django\core\handlers\base.py", line 197, in _get_response
    response = wrapped_callback(request, *callback_args, **callback_kwargs)
  File "C:\Users\USUARIO\Desktop\fct\FIREWALL\cloudguardian-deploy\backend\venv\Lib\site-packages\django\contrib\auth\decorators.py", line 59, in _view_wrapper
    return view_func(request, *args, **kwargs)
  File "C:\Users\USUARIO\Desktop\fct\FIREWALL\cloudguardian-deploy\backend\cloudguardian\views.py", line 1291, in dominios_proxy_view
    except CaddyAPIError as e:
           ^^^^^^^^^^^^^
NameError: name 'CaddyAPIError' is not defined
ERROR 2025-05-20 15:49:14,020 basehttp 1792 24792 "GET /dominios_proxy/ HTTP/1.1" 500 84336
INFO 2025-05-20 15:51:23,057 autoreload 1792 27540 C:\Users\USUARIO\Desktop\fct\FIREWALL\cloudguardian-deploy\backend\cloudguardian\utils.py changed, reloading.
INFO 2025-05-20 15:51:23,720 autoreload 15860 16212 Watching for file changes with StatReloader
INFO 2025-05-20 15:51:30,889 autoreload 15860 16212 C:\Users\USUARIO\Desktop\fct\FIREWALL\cloudguardian-deploy\backend\cloudguardian\utils.py changed, reloading.
INFO 2025-05-20 15:51:31,466 autoreload 22972 26864 Watching for file changes with StatReloader
INFO 2025-05-20 15:51:47,034 autoreload 22972 26864 C:\Users\USUARIO\Desktop\fct\FIREWALL\cloudguardian-deploy\backend\cloudguardian\utils.py changed, reloading.
INFO 2025-05-20 15:51:47,615 autoreload 23248 28456 Watching for file changes with StatReloader
INFO 2025-05-20 15:51:51,626 autoreload 23248 28456 C:\Users\USUARIO\Desktop\fct\FIREWALL\cloudguardian-deploy\backend\cloudguardian\utils.py changed, reloading.
INFO 2025-05-20 15:51:52,210 autoreload 3524 25852 Watching for file changes with StatReloader
INFO 2025-05-20 15:51:58,318 autoreload 3524 25852 C:\Users\USUARIO\Desktop\fct\FIREWALL\cloudguardian-deploy\backend\cloudguardian\utils.py changed, reloading.
INFO 2025-05-20 15:51:58,951 autoreload 19508 23220 Watching for file changes with StatReloader
INFO 2025-05-20 15:52:01,937 autoreload 19508 23220 C:\Users\USUARIO\Desktop\fct\FIREWALL\cloudguardian-deploy\backend\cloudguardian\utils.py changed, reloading.
INFO 2025-05-20 15:52:02,529 autoreload 25836 25448 Watching for file changes with StatReloader
INFO 2025-05-20 15:52:39,152 autoreload 25836 25448 C:\Users\USUARIO\Desktop\fct\FIREWALL\cloudguardian-deploy\backend\cloudguardian\utils.py changed, reloading.
INFO 2025-05-20 15:52:39,752 autoreload 14600 23860 Watching for file changes with StatReloader
INFO 2025-05-20 15:54:30,002 autoreload 14600 23860 C:\Users\USUARIO\Desktop\fct\FIREWALL\cloudguardian-deploy\backend\cloudguardian\views.py changed, reloading.
INFO 2025-05-20 15:54:30,614 autoreload 1960 17652 Watching for file changes with StatReloader
INFO 2025-05-20 15:54:54,659 autoreload 1960 17652 C:\Users\USUARIO\Desktop\fct\FIREWALL\cloudguardian-deploy\backend\cloudguardian\views.py changed, reloading.
INFO 2025-05-20 15:54:55,295 autoreload 4140 25324 Watching for file changes with StatReloader
INFO 2025-05-20 15:55:38,265 autoreload 4140 25324 C:\Users\USUARIO\Desktop\fct\FIREWALL\cloudguardian-deploy\backend\cloudguardian\views.py changed, reloading.
INFO 2025-05-20 15:55:38,875 autoreload 27760 26344 Watching for file changes with StatReloader
INFO 2025-05-20 15:58:55,485 autoreload 27760 26344 C:\Users\USUARIO\Desktop\fct\FIREWALL\cloudguardian-deploy\backend\cloudguardian\views.py changed, reloading.
INFO 2025-05-20 15:58:56,174 autoreload 26184 3832 Watching for file changes with StatReloader
INFO 2025-05-20 15:59:24,533 autoreload 26184 3832 C:\Users\USUARIO\Desktop\fct\FIREWALL\cloudguardian-deploy\backend\cloudguardian\views.py changed, reloading.
INFO 2025-05-20 15:59:25,168 autoreload 27764 26900 Watching for file changes with StatReloader
INFO 2025-05-20 16:00:41,707 autoreload 27764 26900 C:\Users\USUARIO\Desktop\fct\FIREWALL\cloudguardian-deploy\backend\cloudguardian\views.py changed, reloading.
INFO 2025-05-20 16:00:42,382 autoreload 23032 21092 Watching for file changes with StatReloader
INFO 2025-05-20 16:00:59,056 autoreload 23032 21092 C:\Users\USUARIO\Desktop\fct\FIREWALL\cloudguardian-deploy\backend\cloudguardian\views.py changed, reloading.
INFO 2025-05-20 16:00:59,657 autoreload 18708 4860 Watching for file changes with StatReloader
INFO 2025-05-20 16:01:11,206 autoreload 18708 4860 C:\Users\USUARIO\Desktop\fct\FIREWALL\cloudguardian-deploy\backend\cloudguardian\views.py changed, reloading.
INFO 2025-05-20 16:01:11,811 autoreload 27740 26292 Watching for file changes with StatReloader
INFO 2025-05-20 16:01:15,812 autoreload 27740 26292 C:\Users\USUARIO\Desktop\fct\FIREWALL\cloudguardian-deploy\backend\cloudguardian\views.py changed, reloading.
INFO 2025-05-20 16:01:16,413 autoreload 14448 19892 Watching for file changes with StatReloader
INFO 2025-05-20 16:01:18,447 autoreload 14448 19892 C:\Users\USUARIO\Desktop\fct\FIREWALL\cloudguardian-deploy\backend\cloudguardian\views.py changed, reloading.
INFO 2025-05-20 16:01:19,245 autoreload 19108 25360 Watching for file changes with StatReloader
INFO 2025-05-20 16:02:02,236 autoreload 19108 25360 C:\Users\USUARIO\Desktop\fct\FIREWALL\cloudguardian-deploy\backend\cloudguardian\views.py changed, reloading.
INFO 2025-05-20 16:02:02,845 autoreload 12772 2060 Watching for file changes with StatReloader
INFO 2025-05-20 16:06:36,032 autoreload 12772 2060 C:\Users\USUARIO\Desktop\fct\FIREWALL\cloudguardian-deploy\backend\cloudguardian\views.py changed, reloading.
INFO 2025-05-20 16:06:36,688 autoreload 18568 13536 Watching for file changes with StatReloader
INFO 2025-05-20 16:06:43,971 autoreload 18568 13536 C:\Users\USUARIO\Desktop\fct\FIREWALL\cloudguardian-deploy\backend\cloudguardian\views.py changed, reloading.
INFO 2025-05-20 16:06:44,562 autoreload 18704 3872 Watching for file changes with StatReloader
INFO 2025-05-20 16:07:24,341 autoreload 18704 3872 C:\Users\USUARIO\Desktop\fct\FIREWALL\cloudguardian-deploy\backend\cloudguardian\views.py changed, reloading.
INFO 2025-05-20 16:07:24,933 autoreload 10196 6032 Watching for file changes with StatReloader
INFO 2025-05-20 16:07:30,838 autoreload 10196 6032 C:\Users\USUARIO\Desktop\fct\FIREWALL\cloudguardian-deploy\backend\cloudguardian\views.py changed, reloading.
INFO 2025-05-20 16:07:31,446 autoreload 24780 19468 Watching for file changes with StatReloader
INFO 2025-05-20 16:08:20,822 autoreload 24780 19468 C:\Users\USUARIO\Desktop\fct\FIREWALL\cloudguardian-deploy\backend\cloudguardian\views.py changed, reloading.
INFO 2025-05-20 16:08:21,424 autoreload 20244 23928 Watching for file changes with StatReloader
INFO 2025-05-20 16:08:31,795 autoreload 20244 23928 C:\Users\USUARIO\Desktop\fct\FIREWALL\cloudguardian-deploy\backend\cloudguardian\views.py changed, reloading.
INFO 2025-05-20 16:08:32,424 autoreload 24920 24412 Watching for file changes with StatReloader
INFO 2025-05-20 16:08:37,538 autoreload 24920 24412 C:\Users\USUARIO\Desktop\fct\FIREWALL\cloudguardian-deploy\backend\cloudguardian\views.py changed, reloading.
INFO 2025-05-20 16:08:38,147 autoreload 28548 22888 Watching for file changes with StatReloader
INFO 2025-05-20 16:08:41,125 autoreload 28548 22888 C:\Users\USUARIO\Desktop\fct\FIREWALL\cloudguardian-deploy\backend\cloudguardian\views.py changed, reloading.
INFO 2025-05-20 16:08:41,708 autoreload 15632 27172 Watching for file changes with StatReloader
INFO 2025-05-20 16:08:43,707 autoreload 15632 27172 C:\Users\USUARIO\Desktop\fct\FIREWALL\cloudguardian-deploy\backend\cloudguardian\views.py changed, reloading.
INFO 2025-05-20 16:08:44,324 autoreload 10096 21488 Watching for file changes with StatReloader
INFO 2025-05-20 16:08:58,884 autoreload 10096 21488 C:\Users\USUARIO\Desktop\fct\FIREWALL\cloudguardian-deploy\backend\cloudguardian\views.py changed, reloading.
INFO 2025-05-20 16:08:59,511 autoreload 20444 25896 Watching for file changes with StatReloader
INFO 2025-05-20 16:09:09,916 autoreload 20444 25896 C:\Users\USUARIO\Desktop\fct\FIREWALL\cloudguardian-deploy\backend\cloudguardian\views.py changed, reloading.
INFO 2025-05-20 16:09:10,516 autoreload 14572 22260 Watching for file changes with StatReloader
INFO 2025-05-20 16:09:31,485 autoreload 14572 22260 C:\Users\USUARIO\Desktop\fct\FIREWALL\cloudguardian-deploy\backend\cloudguardian\views.py changed, reloading.
INFO 2025-05-20 16:09:32,089 autoreload 28328 20808 Watching for file changes with StatReloader
INFO 2025-05-20 16:09:49,808 autoreload 28328 20808 C:\Users\USUARIO\Desktop\fct\FIREWALL\cloudguardian-deploy\backend\cloudguardian\views.py changed, reloading.
INFO 2025-05-20 16:09:50,439 autoreload 28512 20108 Watching for file changes with StatReloader
INFO 2025-05-20 16:10:02,956 autoreload 28512 20108 C:\Users\USUARIO\Desktop\fct\FIREWALL\cloudguardian-deploy\backend\cloudguardian\views.py changed, reloading.
INFO 2025-05-20 16:10:03,562 autoreload 21480 26944 Watching for file changes with StatReloader
INFO 2025-05-20 16:10:06,551 autoreload 21480 26944 C:\Users\USUARIO\Desktop\fct\FIREWALL\cloudguardian-deploy\backend\cloudguardian\views.py changed, reloading.
INFO 2025-05-20 16:10:07,185 autoreload 16252 21164 Watching for file changes with StatReloader
INFO 2025-05-20 16:10:10,162 autoreload 16252 21164 C:\Users\USUARIO\Desktop\fct\FIREWALL\cloudguardian-deploy\backend\cloudguardian\views.py changed, reloading.
INFO 2025-05-20 16:10:10,780 autoreload 18504 19520 Watching for file changes with StatReloader
INFO 2025-05-20 16:10:34,846 autoreload 18504 19520 C:\Users\USUARIO\Desktop\fct\FIREWALL\cloudguardian-deploy\backend\cloudguardian\views.py changed, reloading.
INFO 2025-05-20 16:10:35,471 autoreload 24828 18104 Watching for file changes with StatReloader
INFO 2025-05-20 16:10:51,097 autoreload 24828 18104 C:\Users\USUARIO\Desktop\fct\FIREWALL\cloudguardian-deploy\backend\cloudguardian\views.py changed, reloading.
INFO 2025-05-20 16:10:51,732 autoreload 22744 19040 Watching for file changes with StatReloader
INFO 2025-05-20 16:10:53,725 autoreload 22744 19040 C:\Users\USUARIO\Desktop\fct\FIREWALL\cloudguardian-deploy\backend\cloudguardian\views.py changed, reloading.
INFO 2025-05-20 16:10:54,332 autoreload 21492 14692 Watching for file changes with StatReloader
INFO 2025-05-20 16:11:09,916 autoreload 21492 14692 C:\Users\USUARIO\Desktop\fct\FIREWALL\cloudguardian-deploy\backend\cloudguardian\views.py changed, reloading.
INFO 2025-05-20 16:11:10,537 autoreload 26256 24400 Watching for file changes with StatReloader
INFO 2025-05-20 16:13:43,156 autoreload 26256 24400 C:\Users\USUARIO\Desktop\fct\FIREWALL\cloudguardian-deploy\backend\mysite\settings.py changed, reloading.
INFO 2025-05-20 16:13:43,775 autoreload 13276 18504 Watching for file changes with StatReloader
INFO 2025-05-20 16:15:17,186 autoreload 13276 18504 C:\Users\USUARIO\Desktop\fct\FIREWALL\cloudguardian-deploy\backend\cloudguardian\views.py changed, reloading.
INFO 2025-05-20 16:15:17,774 autoreload 27272 20040 Watching for file changes with StatReloader
INFO 2025-05-20 16:22:33,906 autoreload 27272 20040 C:\Users\USUARIO\Desktop\fct\FIREWALL\cloudguardian-deploy\backend\cloudguardian\views.py changed, reloading.
INFO 2025-05-20 16:22:34,544 autoreload 21432 27388 Watching for file changes with StatReloader
INFO 2025-05-20 16:35:14,595 autoreload 21432 27388 C:\Users\USUARIO\Desktop\fct\FIREWALL\cloudguardian-deploy\backend\cloudguardian\views.py changed, reloading.
INFO 2025-05-20 16:35:15,268 autoreload 21124 16736 Watching for file changes with StatReloader
INFO 2025-05-20 16:35:25,666 autoreload 21124 16736 C:\Users\USUARIO\Desktop\fct\FIREWALL\cloudguardian-deploy\backend\cloudguardian\views.py changed, reloading.
INFO 2025-05-20 16:35:26,265 autoreload 26420 2244 Watching for file changes with StatReloader
INFO 2025-05-20 16:36:40,850 autoreload 26420 2244 C:\Users\USUARIO\Desktop\fct\FIREWALL\cloudguardian-deploy\backend\cloudguardian\views.py changed, reloading.
INFO 2025-05-20 16:36:41,462 autoreload 17420 7316 Watching for file changes with StatReloader
INFO 2025-05-20 16:36:59,173 autoreload 17420 7316 C:\Users\USUARIO\Desktop\fct\FIREWALL\cloudguardian-deploy\backend\cloudguardian\views.py changed, reloading.
INFO 2025-05-20 16:36:59,870 autoreload 2032 25972 Watching for file changes with StatReloader
INFO 2025-05-20 16:37:07,104 autoreload 2032 25972 C:\Users\USUARIO\Desktop\fct\FIREWALL\cloudguardian-deploy\backend\cloudguardian\views.py changed, reloading.
INFO 2025-05-20 16:37:07,767 autoreload 21176 20400 Watching for file changes with StatReloader
INFO 2025-05-20 16:37:09,708 autoreload 21176 20400 C:\Users\USUARIO\Desktop\fct\FIREWALL\cloudguardian-deploy\backend\cloudguardian\views.py changed, reloading.
INFO 2025-05-20 16:37:10,337 autoreload 23064 22380 Watching for file changes with StatReloader
INFO 2025-05-20 16:37:23,845 autoreload 23064 22380 C:\Users\USUARIO\Desktop\fct\FIREWALL\cloudguardian-deploy\backend\cloudguardian\views.py changed, reloading.
INFO 2025-05-20 16:37:24,430 autoreload 20752 20612 Watching for file changes with StatReloader
INFO 2025-05-20 16:37:26,400 autoreload 20752 20612 C:\Users\USUARIO\Desktop\fct\FIREWALL\cloudguardian-deploy\backend\cloudguardian\views.py changed, reloading.
INFO 2025-05-20 16:37:26,968 autoreload 19500 22896 Watching for file changes with StatReloader
INFO 2025-05-20 16:38:39,359 autoreload 19500 22896 C:\Users\USUARIO\Desktop\fct\FIREWALL\cloudguardian-deploy\backend\cloudguardian\views.py changed, reloading.
INFO 2025-05-20 16:38:39,999 autoreload 27536 19156 Watching for file changes with StatReloader
INFO 2025-05-20 16:39:24,060 autoreload 27536 19156 C:\Users\USUARIO\Desktop\fct\FIREWALL\cloudguardian-deploy\backend\cloudguardian\views.py changed, reloading.
INFO 2025-05-20 16:39:24,645 autoreload 14300 22016 Watching for file changes with StatReloader
INFO 2025-05-20 16:39:33,972 autoreload 14300 22016 C:\Users\USUARIO\Desktop\fct\FIREWALL\cloudguardian-deploy\backend\cloudguardian\views.py changed, reloading.
INFO 2025-05-20 16:39:34,607 autoreload 25236 22212 Watching for file changes with StatReloader
INFO 2025-05-20 16:40:05,987 autoreload 25236 22212 C:\Users\USUARIO\Desktop\fct\FIREWALL\cloudguardian-deploy\backend\cloudguardian\views.py changed, reloading.
INFO 2025-05-20 16:40:06,607 autoreload 19468 2020 Watching for file changes with StatReloader
INFO 2025-05-20 16:40:11,673 autoreload 19468 2020 C:\Users\USUARIO\Desktop\fct\FIREWALL\cloudguardian-deploy\backend\cloudguardian\views.py changed, reloading.
INFO 2025-05-20 16:40:12,298 autoreload 376 28536 Watching for file changes with StatReloader
INFO 2025-05-20 16:40:21,539 autoreload 376 28536 C:\Users\USUARIO\Desktop\fct\FIREWALL\cloudguardian-deploy\backend\cloudguardian\views.py changed, reloading.
INFO 2025-05-20 16:40:22,149 autoreload 17764 27316 Watching for file changes with StatReloader
INFO 2025-05-20 16:40:26,192 autoreload 17764 27316 C:\Users\USUARIO\Desktop\fct\FIREWALL\cloudguardian-deploy\backend\cloudguardian\views.py changed, reloading.
INFO 2025-05-20 16:40:26,813 autoreload 7484 20620 Watching for file changes with StatReloader
INFO 2025-05-20 16:44:30,752 autoreload 7484 20620 C:\Users\USUARIO\Desktop\fct\FIREWALL\cloudguardian-deploy\backend\cloudguardian\views.py changed, reloading.
INFO 2025-05-20 16:44:31,369 autoreload 17268 18884 Watching for file changes with StatReloader
INFO 2025-05-20 16:45:16,486 autoreload 17268 18884 C:\Users\USUARIO\Desktop\fct\FIREWALL\cloudguardian-deploy\backend\cloudguardian\views.py changed, reloading.
INFO 2025-05-20 16:45:17,063 autoreload 13212 24084 Watching for file changes with StatReloader
INFO 2025-05-20 16:45:20,896 autoreload 13212 24084 C:\Users\USUARIO\Desktop\fct\FIREWALL\cloudguardian-deploy\backend\cloudguardian\views.py changed, reloading.
INFO 2025-05-20 16:45:21,438 autoreload 7052 15368 Watching for file changes with StatReloader
INFO 2025-05-20 16:45:32,802 autoreload 7052 15368 C:\Users\USUARIO\Desktop\fct\FIREWALL\cloudguardian-deploy\backend\cloudguardian\views.py changed, reloading.
INFO 2025-05-20 16:45:33,456 autoreload 1932 23468 Watching for file changes with StatReloader
INFO 2025-05-20 16:45:35,389 autoreload 1932 23468 C:\Users\USUARIO\Desktop\fct\FIREWALL\cloudguardian-deploy\backend\cloudguardian\views.py changed, reloading.
INFO 2025-05-20 16:45:35,964 autoreload 17084 15736 Watching for file changes with StatReloader
INFO 2025-05-20 16:45:44,244 autoreload 17084 15736 C:\Users\USUARIO\Desktop\fct\FIREWALL\cloudguardian-deploy\backend\cloudguardian\views.py changed, reloading.
INFO 2025-05-20 16:45:44,833 autoreload 5572 17836 Watching for file changes with StatReloader
INFO 2025-05-20 16:45:53,073 autoreload 5572 17836 C:\Users\USUARIO\Desktop\fct\FIREWALL\cloudguardian-deploy\backend\cloudguardian\views.py changed, reloading.
INFO 2025-05-20 16:45:53,714 autoreload 24136 23260 Watching for file changes with StatReloader
INFO 2025-05-20 16:45:57,773 autoreload 24136 23260 C:\Users\USUARIO\Desktop\fct\FIREWALL\cloudguardian-deploy\backend\cloudguardian\views.py changed, reloading.
INFO 2025-05-20 16:45:58,364 autoreload 20692 20404 Watching for file changes with StatReloader
INFO 2025-05-20 16:46:00,356 autoreload 20692 20404 C:\Users\USUARIO\Desktop\fct\FIREWALL\cloudguardian-deploy\backend\cloudguardian\views.py changed, reloading.
INFO 2025-05-20 16:46:00,940 autoreload 18668 15640 Watching for file changes with StatReloader
INFO 2025-05-20 16:46:45,987 autoreload 18668 15640 C:\Users\USUARIO\Desktop\fct\FIREWALL\cloudguardian-deploy\backend\cloudguardian\views.py changed, reloading.
INFO 2025-05-20 16:46:46,617 autoreload 22868 19924 Watching for file changes with StatReloader
INFO 2025-05-20 16:46:48,585 autoreload 22868 19924 C:\Users\USUARIO\Desktop\fct\FIREWALL\cloudguardian-deploy\backend\cloudguardian\views.py changed, reloading.
INFO 2025-05-20 16:46:49,221 autoreload 7340 12408 Watching for file changes with StatReloader
INFO 2025-05-20 16:46:56,220 autoreload 7340 12408 C:\Users\USUARIO\Desktop\fct\FIREWALL\cloudguardian-deploy\backend\cloudguardian\views.py changed, reloading.
INFO 2025-05-20 16:46:56,911 autoreload 28264 26456 Watching for file changes with StatReloader
INFO 2025-05-20 16:47:08,092 autoreload 28264 26456 C:\Users\USUARIO\Desktop\fct\FIREWALL\cloudguardian-deploy\backend\cloudguardian\views.py changed, reloading.
INFO 2025-05-20 16:47:08,683 autoreload 3592 19032 Watching for file changes with StatReloader
INFO 2025-05-20 16:47:13,522 autoreload 3592 19032 C:\Users\USUARIO\Desktop\fct\FIREWALL\cloudguardian-deploy\backend\cloudguardian\views.py changed, reloading.
INFO 2025-05-20 16:47:14,162 autoreload 22724 9828 Watching for file changes with StatReloader
INFO 2025-05-20 16:47:16,936 autoreload 22724 9828 C:\Users\USUARIO\Desktop\fct\FIREWALL\cloudguardian-deploy\backend\cloudguardian\views.py changed, reloading.
INFO 2025-05-20 16:47:17,529 autoreload 20732 2964 Watching for file changes with StatReloader
INFO 2025-05-20 16:47:20,298 autoreload 20732 2964 C:\Users\USUARIO\Desktop\fct\FIREWALL\cloudguardian-deploy\backend\cloudguardian\views.py changed, reloading.
INFO 2025-05-20 16:47:20,873 autoreload 25304 24084 Watching for file changes with StatReloader
INFO 2025-05-20 16:47:22,634 autoreload 25304 24084 C:\Users\USUARIO\Desktop\fct\FIREWALL\cloudguardian-deploy\backend\cloudguardian\views.py changed, reloading.
INFO 2025-05-20 16:47:23,238 autoreload 9220 21352 Watching for file changes with StatReloader
INFO 2025-05-20 16:48:06,861 autoreload 9220 21352 C:\Users\USUARIO\Desktop\fct\FIREWALL\cloudguardian-deploy\backend\cloudguardian\views.py changed, reloading.
INFO 2025-05-20 16:48:07,441 autoreload 23700 5572 Watching for file changes with StatReloader
INFO 2025-05-20 16:48:09,162 autoreload 23700 5572 C:\Users\USUARIO\Desktop\fct\FIREWALL\cloudguardian-deploy\backend\cloudguardian\views.py changed, reloading.
INFO 2025-05-20 16:48:09,746 autoreload 20016 22480 Watching for file changes with StatReloader
INFO 2025-05-20 16:48:32,402 autoreload 20016 22480 C:\Users\USUARIO\Desktop\fct\FIREWALL\cloudguardian-deploy\backend\cloudguardian\views.py changed, reloading.
INFO 2025-05-20 16:48:33,012 autoreload 26124 22908 Watching for file changes with StatReloader
INFO 2025-05-20 16:48:34,716 autoreload 26124 22908 C:\Users\USUARIO\Desktop\fct\FIREWALL\cloudguardian-deploy\backend\cloudguardian\views.py changed, reloading.
INFO 2025-05-20 16:48:35,339 autoreload 3436 26808 Watching for file changes with StatReloader
INFO 2025-05-20 16:48:37,089 autoreload 3436 26808 C:\Users\USUARIO\Desktop\fct\FIREWALL\cloudguardian-deploy\backend\cloudguardian\views.py changed, reloading.
INFO 2025-05-20 16:48:37,662 autoreload 20512 17896 Watching for file changes with StatReloader
INFO 2025-05-20 16:48:39,454 autoreload 20512 17896 C:\Users\USUARIO\Desktop\fct\FIREWALL\cloudguardian-deploy\backend\cloudguardian\views.py changed, reloading.
INFO 2025-05-20 16:48:39,993 autoreload 4228 20936 Watching for file changes with StatReloader
INFO 2025-05-20 16:48:41,797 autoreload 4228 20936 C:\Users\USUARIO\Desktop\fct\FIREWALL\cloudguardian-deploy\backend\cloudguardian\views.py changed, reloading.
INFO 2025-05-20 16:48:42,428 autoreload 13972 26156 Watching for file changes with StatReloader
INFO 2025-05-20 16:48:44,172 autoreload 13972 26156 C:\Users\USUARIO\Desktop\fct\FIREWALL\cloudguardian-deploy\backend\cloudguardian\views.py changed, reloading.
INFO 2025-05-20 16:48:44,745 autoreload 1188 4236 Watching for file changes with StatReloader
INFO 2025-05-20 16:50:05,110 autoreload 1188 4236 C:\Users\USUARIO\Desktop\fct\FIREWALL\cloudguardian-deploy\backend\cloudguardian\views.py changed, reloading.
INFO 2025-05-20 16:50:05,683 autoreload 4740 17080 Watching for file changes with StatReloader
INFO 2025-05-20 16:50:13,734 autoreload 4740 17080 C:\Users\USUARIO\Desktop\fct\FIREWALL\cloudguardian-deploy\backend\cloudguardian\views.py changed, reloading.
INFO 2025-05-20 16:50:14,292 autoreload 23780 27268 Watching for file changes with StatReloader
INFO 2025-05-20 16:50:17,099 autoreload 23780 27268 C:\Users\USUARIO\Desktop\fct\FIREWALL\cloudguardian-deploy\backend\cloudguardian\views.py changed, reloading.
INFO 2025-05-20 16:50:17,703 autoreload 23588 22308 Watching for file changes with StatReloader
INFO 2025-05-20 16:50:23,580 autoreload 23588 22308 C:\Users\USUARIO\Desktop\fct\FIREWALL\cloudguardian-deploy\backend\cloudguardian\views.py changed, reloading.
INFO 2025-05-20 16:50:24,155 autoreload 21308 816 Watching for file changes with StatReloader
INFO 2025-05-20 16:50:31,130 autoreload 21308 816 C:\Users\USUARIO\Desktop\fct\FIREWALL\cloudguardian-deploy\backend\cloudguardian\views.py changed, reloading.
INFO 2025-05-20 16:50:31,681 autoreload 24652 22208 Watching for file changes with StatReloader
INFO 2025-05-20 16:50:35,474 autoreload 24652 22208 C:\Users\USUARIO\Desktop\fct\FIREWALL\cloudguardian-deploy\backend\cloudguardian\views.py changed, reloading.
INFO 2025-05-20 16:50:36,042 autoreload 24044 27992 Watching for file changes with StatReloader
INFO 2025-05-20 16:50:59,737 autoreload 24044 27992 C:\Users\USUARIO\Desktop\fct\FIREWALL\cloudguardian-deploy\backend\cloudguardian\views.py changed, reloading.
INFO 2025-05-20 16:51:00,376 autoreload 25980 26512 Watching for file changes with StatReloader
INFO 2025-05-20 16:51:03,173 autoreload 25980 26512 C:\Users\USUARIO\Desktop\fct\FIREWALL\cloudguardian-deploy\backend\cloudguardian\views.py changed, reloading.
INFO 2025-05-20 16:51:03,798 autoreload 1708 22996 Watching for file changes with StatReloader
INFO 2025-05-20 16:51:06,585 autoreload 1708 22996 C:\Users\USUARIO\Desktop\fct\FIREWALL\cloudguardian-deploy\backend\cloudguardian\views.py changed, reloading.
INFO 2025-05-20 16:51:07,266 autoreload 724 24580 Watching for file changes with StatReloader
INFO 2025-05-20 16:51:12,150 autoreload 724 24580 C:\Users\USUARIO\Desktop\fct\FIREWALL\cloudguardian-deploy\backend\cloudguardian\views.py changed, reloading.
INFO 2025-05-20 16:51:12,728 autoreload 8284 16064 Watching for file changes with StatReloader
INFO 2025-05-20 16:51:17,618 autoreload 8284 16064 C:\Users\USUARIO\Desktop\fct\FIREWALL\cloudguardian-deploy\backend\cloudguardian\views.py changed, reloading.
INFO 2025-05-20 16:51:18,200 autoreload 26140 27556 Watching for file changes with StatReloader
INFO 2025-05-20 16:51:20,115 autoreload 26140 27556 C:\Users\USUARIO\Desktop\fct\FIREWALL\cloudguardian-deploy\backend\cloudguardian\views.py changed, reloading.
INFO 2025-05-20 16:51:20,675 autoreload 17896 26584 Watching for file changes with StatReloader
INFO 2025-05-20 16:52:11,635 autoreload 17896 26584 C:\Users\USUARIO\Desktop\fct\FIREWALL\cloudguardian-deploy\backend\cloudguardian\views.py changed, reloading.
INFO 2025-05-20 16:52:12,318 autoreload 19212 24920 Watching for file changes with StatReloader
INFO 2025-05-20 16:52:14,018 autoreload 19212 24920 C:\Users\USUARIO\Desktop\fct\FIREWALL\cloudguardian-deploy\backend\cloudguardian\views.py changed, reloading.
INFO 2025-05-20 16:52:14,577 autoreload 21084 20600 Watching for file changes with StatReloader
INFO 2025-05-20 16:52:27,797 autoreload 21084 20600 C:\Users\USUARIO\Desktop\fct\FIREWALL\cloudguardian-deploy\backend\cloudguardian\views.py changed, reloading.
INFO 2025-05-20 16:52:28,413 autoreload 27056 26992 Watching for file changes with StatReloader
INFO 2025-05-20 16:52:53,167 autoreload 27056 26992 C:\Users\USUARIO\Desktop\fct\FIREWALL\cloudguardian-deploy\backend\cloudguardian\views.py changed, reloading.
INFO 2025-05-20 16:52:53,749 autoreload 6368 25276 Watching for file changes with StatReloader
INFO 2025-05-20 16:52:56,721 autoreload 6368 25276 C:\Users\USUARIO\Desktop\fct\FIREWALL\cloudguardian-deploy\backend\cloudguardian\views.py changed, reloading.
INFO 2025-05-20 16:52:57,331 autoreload 25640 14404 Watching for file changes with StatReloader
INFO 2025-05-20 16:53:06,643 autoreload 25640 14404 C:\Users\USUARIO\Desktop\fct\FIREWALL\cloudguardian-deploy\backend\cloudguardian\views.py changed, reloading.
INFO 2025-05-20 16:53:07,247 autoreload 11816 23736 Watching for file changes with StatReloader
INFO 2025-05-20 16:53:12,320 autoreload 11816 23736 C:\Users\USUARIO\Desktop\fct\FIREWALL\cloudguardian-deploy\backend\cloudguardian\views.py changed, reloading.
INFO 2025-05-20 16:53:12,986 autoreload 26304 4628 Watching for file changes with StatReloader
INFO 2025-05-20 16:53:14,924 autoreload 26304 4628 C:\Users\USUARIO\Desktop\fct\FIREWALL\cloudguardian-deploy\backend\cloudguardian\views.py changed, reloading.
INFO 2025-05-20 16:53:15,497 autoreload 21140 2564 Watching for file changes with StatReloader
INFO 2025-05-20 16:53:33,216 autoreload 21140 2564 C:\Users\USUARIO\Desktop\fct\FIREWALL\cloudguardian-deploy\backend\cloudguardian\views.py changed, reloading.
INFO 2025-05-20 16:53:33,825 autoreload 23940 13396 Watching for file changes with StatReloader
INFO 2025-05-20 16:54:12,565 autoreload 23940 13396 C:\Users\USUARIO\Desktop\fct\FIREWALL\cloudguardian-deploy\backend\cloudguardian\views.py changed, reloading.
INFO 2025-05-20 16:54:13,196 autoreload 14924 17984 Watching for file changes with StatReloader
INFO 2025-05-20 16:54:19,372 autoreload 14924 17984 C:\Users\USUARIO\Desktop\fct\FIREWALL\cloudguardian-deploy\backend\cloudguardian\views.py changed, reloading.
INFO 2025-05-20 16:54:19,974 autoreload 12264 22352 Watching for file changes with StatReloader
INFO 2025-05-20 16:54:46,064 autoreload 12264 22352 C:\Users\USUARIO\Desktop\fct\FIREWALL\cloudguardian-deploy\backend\cloudguardian\views.py changed, reloading.
INFO 2025-05-20 16:54:46,682 autoreload 23256 648 Watching for file changes with StatReloader
INFO 2025-05-20 16:55:07,559 autoreload 23256 648 C:\Users\USUARIO\Desktop\fct\FIREWALL\cloudguardian-deploy\backend\cloudguardian\views.py changed, reloading.
INFO 2025-05-20 16:55:08,214 autoreload 28156 18296 Watching for file changes with StatReloader
INFO 2025-05-20 16:55:18,586 autoreload 28156 18296 C:\Users\USUARIO\Desktop\fct\FIREWALL\cloudguardian-deploy\backend\cloudguardian\views.py changed, reloading.
INFO 2025-05-20 16:55:19,234 autoreload 26200 26092 Watching for file changes with StatReloader
INFO 2025-05-20 16:56:15,846 autoreload 26200 26092 C:\Users\USUARIO\Desktop\fct\FIREWALL\cloudguardian-deploy\backend\cloudguardian\views.py changed, reloading.
INFO 2025-05-20 16:56:16,525 autoreload 23420 20156 Watching for file changes with StatReloader
INFO 2025-05-20 16:56:43,833 autoreload 23420 20156 C:\Users\USUARIO\Desktop\fct\FIREWALL\cloudguardian-deploy\backend\cloudguardian\views.py changed, reloading.
INFO 2025-05-20 16:56:44,521 autoreload 18412 804 Watching for file changes with StatReloader
INFO 2025-05-20 16:56:48,596 autoreload 18412 804 C:\Users\USUARIO\Desktop\fct\FIREWALL\cloudguardian-deploy\backend\cloudguardian\views.py changed, reloading.
INFO 2025-05-20 16:56:49,240 autoreload 26660 24116 Watching for file changes with StatReloader
INFO 2025-05-20 16:56:53,319 autoreload 26660 24116 C:\Users\USUARIO\Desktop\fct\FIREWALL\cloudguardian-deploy\backend\cloudguardian\views.py changed, reloading.
INFO 2025-05-20 16:56:53,922 autoreload 27536 27464 Watching for file changes with StatReloader
INFO 2025-05-20 16:56:55,888 autoreload 27536 27464 C:\Users\USUARIO\Desktop\fct\FIREWALL\cloudguardian-deploy\backend\cloudguardian\views.py changed, reloading.
INFO 2025-05-20 16:56:56,495 autoreload 23940 27380 Watching for file changes with StatReloader
INFO 2025-05-20 16:57:04,734 autoreload 23940 27380 C:\Users\USUARIO\Desktop\fct\FIREWALL\cloudguardian-deploy\backend\cloudguardian\views.py changed, reloading.
INFO 2025-05-20 16:57:05,373 autoreload 18760 23476 Watching for file changes with StatReloader
INFO 2025-05-20 16:57:09,436 autoreload 18760 23476 C:\Users\USUARIO\Desktop\fct\FIREWALL\cloudguardian-deploy\backend\cloudguardian\views.py changed, reloading.
INFO 2025-05-20 16:57:10,092 autoreload 3180 28600 Watching for file changes with StatReloader
INFO 2025-05-20 16:57:13,049 autoreload 3180 28600 C:\Users\USUARIO\Desktop\fct\FIREWALL\cloudguardian-deploy\backend\cloudguardian\views.py changed, reloading.
INFO 2025-05-20 16:57:13,689 autoreload 1848 20364 Watching for file changes with StatReloader
INFO 2025-05-20 16:57:20,875 autoreload 1848 20364 C:\Users\USUARIO\Desktop\fct\FIREWALL\cloudguardian-deploy\backend\cloudguardian\views.py changed, reloading.
INFO 2025-05-20 16:57:21,517 autoreload 3164 20780 Watching for file changes with StatReloader
INFO 2025-05-20 16:57:26,675 autoreload 3164 20780 C:\Users\USUARIO\Desktop\fct\FIREWALL\cloudguardian-deploy\backend\cloudguardian\views.py changed, reloading.
INFO 2025-05-20 16:57:27,331 autoreload 23108 7200 Watching for file changes with StatReloader
INFO 2025-05-20 16:57:35,622 autoreload 23108 7200 C:\Users\USUARIO\Desktop\fct\FIREWALL\cloudguardian-deploy\backend\cloudguardian\views.py changed, reloading.
INFO 2025-05-20 16:57:36,268 autoreload 27116 3788 Watching for file changes with StatReloader
INFO 2025-05-20 16:57:41,405 autoreload 27116 3788 C:\Users\USUARIO\Desktop\fct\FIREWALL\cloudguardian-deploy\backend\cloudguardian\views.py changed, reloading.
INFO 2025-05-20 16:57:42,014 autoreload 25896 18080 Watching for file changes with StatReloader
INFO 2025-05-20 16:57:48,179 autoreload 25896 18080 C:\Users\USUARIO\Desktop\fct\FIREWALL\cloudguardian-deploy\backend\cloudguardian\views.py changed, reloading.
INFO 2025-05-20 16:57:48,803 autoreload 11228 12408 Watching for file changes with StatReloader
INFO 2025-05-20 16:57:52,909 autoreload 11228 12408 C:\Users\USUARIO\Desktop\fct\FIREWALL\cloudguardian-deploy\backend\cloudguardian\views.py changed, reloading.
INFO 2025-05-20 16:57:53,492 autoreload 25520 19020 Watching for file changes with StatReloader
INFO 2025-05-20 16:58:33,270 autoreload 25520 19020 C:\Users\USUARIO\Desktop\fct\FIREWALL\cloudguardian-deploy\backend\cloudguardian\views.py changed, reloading.
INFO 2025-05-20 16:58:33,900 autoreload 24404 27600 Watching for file changes with StatReloader
INFO 2025-05-20 17:03:21,131 autoreload 24404 27600 C:\Users\USUARIO\Desktop\fct\FIREWALL\cloudguardian-deploy\backend\cloudguardian\views.py changed, reloading.
INFO 2025-05-20 17:03:21,767 autoreload 4948 14800 Watching for file changes with StatReloader
INFO 2025-05-20 17:03:51,019 autoreload 4948 14800 C:\Users\USUARIO\Desktop\fct\FIREWALL\cloudguardian-deploy\backend\cloudguardian\views.py changed, reloading.
INFO 2025-05-20 17:03:51,596 autoreload 27576 896 Watching for file changes with StatReloader
INFO 2025-05-20 17:03:56,676 autoreload 27576 896 C:\Users\USUARIO\Desktop\fct\FIREWALL\cloudguardian-deploy\backend\cloudguardian\views.py changed, reloading.
INFO 2025-05-20 17:03:57,274 autoreload 18528 20696 Watching for file changes with StatReloader
INFO 2025-05-20 17:04:21,338 autoreload 18528 20696 C:\Users\USUARIO\Desktop\fct\FIREWALL\cloudguardian-deploy\backend\cloudguardian\views.py changed, reloading.
INFO 2025-05-20 17:04:21,927 autoreload 27924 22844 Watching for file changes with StatReloader
INFO 2025-05-20 17:04:24,936 autoreload 27924 22844 C:\Users\USUARIO\Desktop\fct\FIREWALL\cloudguardian-deploy\backend\cloudguardian\views.py changed, reloading.
INFO 2025-05-20 17:04:25,542 autoreload 1588 27400 Watching for file changes with StatReloader
INFO 2025-05-20 17:04:29,576 autoreload 1588 27400 C:\Users\USUARIO\Desktop\fct\FIREWALL\cloudguardian-deploy\backend\cloudguardian\views.py changed, reloading.
INFO 2025-05-20 17:04:30,183 autoreload 27112 26168 Watching for file changes with StatReloader
INFO 2025-05-20 17:04:52,106 autoreload 27112 26168 C:\Users\USUARIO\Desktop\fct\FIREWALL\cloudguardian-deploy\backend\cloudguardian\views.py changed, reloading.
INFO 2025-05-20 17:04:52,808 autoreload 1600 15016 Watching for file changes with StatReloader
INFO 2025-05-20 17:04:54,757 autoreload 1600 15016 C:\Users\USUARIO\Desktop\fct\FIREWALL\cloudguardian-deploy\backend\cloudguardian\views.py changed, reloading.
INFO 2025-05-20 17:04:55,333 autoreload 25388 24592 Watching for file changes with StatReloader
INFO 2025-05-20 17:06:34,001 autoreload 25388 24592 C:\Users\USUARIO\Desktop\fct\FIREWALL\cloudguardian-deploy\backend\cloudguardian\views.py changed, reloading.
INFO 2025-05-20 17:06:34,571 autoreload 23956 23860 Watching for file changes with StatReloader
INFO 2025-05-20 17:06:39,655 autoreload 23956 23860 C:\Users\USUARIO\Desktop\fct\FIREWALL\cloudguardian-deploy\backend\cloudguardian\views.py changed, reloading.
INFO 2025-05-20 17:06:40,335 autoreload 16912 19720 Watching for file changes with StatReloader
INFO 2025-05-20 17:07:14,889 autoreload 16912 19720 C:\Users\USUARIO\Desktop\fct\FIREWALL\cloudguardian-deploy\backend\cloudguardian\views.py changed, reloading.
INFO 2025-05-20 17:07:15,504 autoreload 11576 16888 Watching for file changes with StatReloader
INFO 2025-05-20 17:07:17,441 autoreload 11576 16888 C:\Users\USUARIO\Desktop\fct\FIREWALL\cloudguardian-deploy\backend\cloudguardian\views.py changed, reloading.
INFO 2025-05-20 17:07:18,045 autoreload 23940 19480 Watching for file changes with StatReloader
INFO 2025-05-20 17:07:19,997 autoreload 23940 19480 C:\Users\USUARIO\Desktop\fct\FIREWALL\cloudguardian-deploy\backend\cloudguardian\views.py changed, reloading.
INFO 2025-05-20 17:07:20,611 autoreload 25648 28152 Watching for file changes with StatReloader
INFO 2025-05-20 17:07:38,334 autoreload 25648 28152 C:\Users\USUARIO\Desktop\fct\FIREWALL\cloudguardian-deploy\backend\cloudguardian\views.py changed, reloading.
INFO 2025-05-20 17:07:38,949 autoreload 17844 2984 Watching for file changes with StatReloader
INFO 2025-05-20 17:08:14,524 autoreload 17844 2984 C:\Users\USUARIO\Desktop\fct\FIREWALL\cloudguardian-deploy\backend\cloudguardian\views.py changed, reloading.
INFO 2025-05-20 17:08:15,124 autoreload 26620 21892 Watching for file changes with StatReloader
INFO 2025-05-20 17:08:19,195 autoreload 26620 21892 C:\Users\USUARIO\Desktop\fct\FIREWALL\cloudguardian-deploy\backend\cloudguardian\views.py changed, reloading.
INFO 2025-05-20 17:08:19,784 autoreload 20736 7840 Watching for file changes with StatReloader
INFO 2025-05-20 17:08:24,870 autoreload 20736 7840 C:\Users\USUARIO\Desktop\fct\FIREWALL\cloudguardian-deploy\backend\cloudguardian\views.py changed, reloading.
INFO 2025-05-20 17:08:25,472 autoreload 16868 13844 Watching for file changes with StatReloader
INFO 2025-05-20 17:08:28,458 autoreload 16868 13844 C:\Users\USUARIO\Desktop\fct\FIREWALL\cloudguardian-deploy\backend\cloudguardian\views.py changed, reloading.
INFO 2025-05-20 17:08:29,229 autoreload 22644 6856 Watching for file changes with StatReloader
INFO 2025-05-20 17:08:34,431 autoreload 22644 6856 C:\Users\USUARIO\Desktop\fct\FIREWALL\cloudguardian-deploy\backend\cloudguardian\views.py changed, reloading.
INFO 2025-05-20 17:08:35,032 autoreload 1244 16136 Watching for file changes with StatReloader
INFO 2025-05-20 17:08:36,973 autoreload 1244 16136 C:\Users\USUARIO\Desktop\fct\FIREWALL\cloudguardian-deploy\backend\cloudguardian\views.py changed, reloading.
INFO 2025-05-20 17:08:37,627 autoreload 26800 25032 Watching for file changes with StatReloader
INFO 2025-05-20 17:08:40,616 autoreload 26800 25032 C:\Users\USUARIO\Desktop\fct\FIREWALL\cloudguardian-deploy\backend\cloudguardian\views.py changed, reloading.
INFO 2025-05-20 17:08:41,245 autoreload 27600 20676 Watching for file changes with StatReloader
INFO 2025-05-20 17:08:43,187 autoreload 27600 20676 C:\Users\USUARIO\Desktop\fct\FIREWALL\cloudguardian-deploy\backend\cloudguardian\views.py changed, reloading.
INFO 2025-05-20 17:08:43,801 autoreload 9024 23496 Watching for file changes with StatReloader
INFO 2025-05-20 17:08:52,040 autoreload 9024 23496 C:\Users\USUARIO\Desktop\fct\FIREWALL\cloudguardian-deploy\backend\cloudguardian\views.py changed, reloading.
INFO 2025-05-20 17:08:52,640 autoreload 20368 4180 Watching for file changes with StatReloader
INFO 2025-05-20 17:10:47,637 basehttp 20368 27260 "GET / HTTP/1.1" 200 10275
INFO 2025-05-20 17:10:51,505 basehttp 20368 27260 "GET /configuracion/ HTTP/1.1" 200 10160
INFO 2025-05-20 17:10:53,638 basehttp 20368 27260 "GET / HTTP/1.1" 200 10275
INFO 2025-05-20 17:10:54,404 views 20368 27260 Usuario 'ian1990' cerrando sesión.
INFO 2025-05-20 17:10:54,414 basehttp 20368 27260 "POST /logout/ HTTP/1.1" 302 0
INFO 2025-05-20 17:10:54,421 basehttp 20368 27260 "GET /login/ HTTP/1.1" 200 6592
INFO 2025-05-20 17:11:00,594 views 20368 27260 Usuario 'ian1990' ha iniciado sesión correctamente.
INFO 2025-05-20 17:11:00,600 basehttp 20368 27260 "POST /login/ HTTP/1.1" 302 0
INFO 2025-05-20 17:11:00,784 basehttp 20368 27260 "GET / HTTP/1.1" 200 10603
INFO 2025-05-20 17:11:03,173 basehttp 20368 27260 "GET /destinos/ HTTP/1.1" 200 8835
INFO 2025-05-20 17:11:05,049 views 20368 27260 Usuario 'ian1990' intentando acción 'delete' en destinos externos (Alias: '', Target: '').
INFO 2025-05-20 17:11:05,050 basehttp 20368 27260 "POST /destinos/ HTTP/1.1" 302 0
INFO 2025-05-20 17:11:05,063 basehttp 20368 27260 "GET /destinos/ HTTP/1.1" 200 9190
INFO 2025-05-20 17:11:12,038 views 20368 27260 Usuario 'ian1990' intentando acción 'delete' en destinos externos (Alias: '', Target: '').
INFO 2025-05-20 17:11:12,039 basehttp 20368 27260 "POST /destinos/ HTTP/1.1" 302 0
INFO 2025-05-20 17:11:12,049 basehttp 20368 27260 "GET /destinos/ HTTP/1.1" 200 9190
INFO 2025-05-20 17:11:17,607 basehttp 20368 27260 "GET /rutas-protegidas/ HTTP/1.1" 200 6669
INFO 2025-05-20 17:11:17,862 basehttp 20368 27260 - Broken pipe from ('127.0.0.1', 51296)
ERROR 2025-05-20 17:11:20,590 log 20368 26892 Internal Server Error: /ips-bloqueadas/
Traceback (most recent call last):
  File "C:\Users\USUARIO\Desktop\fct\FIREWALL\cloudguardian-deploy\backend\venv\Lib\site-packages\django\core\handlers\exception.py", line 55, in inner
    response = get_response(request)
  File "C:\Users\USUARIO\Desktop\fct\FIREWALL\cloudguardian-deploy\backend\venv\Lib\site-packages\django\core\handlers\base.py", line 197, in _get_response
    response = wrapped_callback(request, *callback_args, **callback_kwargs)
  File "C:\Users\USUARIO\Desktop\fct\FIREWALL\cloudguardian-deploy\backend\venv\Lib\site-packages\django\contrib\auth\decorators.py", line 59, in _view_wrapper
    return view_func(request, *args, **kwargs)
  File "C:\Users\USUARIO\Desktop\fct\FIREWALL\cloudguardian-deploy\backend\cloudguardian\views.py", line 652, in ips_bloqueadas
    if _ip_valida(ip)
       ^^
NameError: name '_i' is not defined
ERROR 2025-05-20 17:11:20,595 basehttp 20368 26892 "GET /ips-bloqueadas/ HTTP/1.1" 500 81882
WARNING 2025-05-20 17:11:20,678 log 20368 26892 Not Found: /favicon.ico
INFO 2025-05-20 17:11:20,679 basehttp 20368 26892 - Broken pipe from ('127.0.0.1', 51302)
INFO 2025-05-20 17:14:06,817 autoreload 20368 4180 C:\Users\USUARIO\Desktop\fct\FIREWALL\cloudguardian-deploy\backend\cloudguardian\views.py changed, reloading.
INFO 2025-05-20 17:14:07,533 autoreload 20384 27760 Watching for file changes with StatReloader
INFO 2025-05-20 17:14:19,013 autoreload 20384 27760 C:\Users\USUARIO\Desktop\fct\FIREWALL\cloudguardian-deploy\backend\cloudguardian\views.py changed, reloading.
INFO 2025-05-20 17:14:19,611 autoreload 12376 27080 Watching for file changes with StatReloader
INFO 2025-05-20 17:20:02,672 basehttp 12376 13228 "GET /rutas-protegidas/ HTTP/1.1" 200 6669
INFO 2025-05-20 17:20:04,699 basehttp 12376 13228 "GET / HTTP/1.1" 200 10275
INFO 2025-05-20 17:20:12,314 basehttp 12376 13228 "GET /dominios_proxy/ HTTP/1.1" 200 6910
INFO 2025-05-20 17:22:30,280 autoreload 12376 27080 C:\Users\USUARIO\Desktop\fct\FIREWALL\cloudguardian-deploy\backend\cloudguardian\views.py changed, reloading.
INFO 2025-05-20 17:22:30,964 autoreload 19452 18672 Watching for file changes with StatReloader
INFO 2025-05-20 17:22:39,274 autoreload 19452 18672 C:\Users\USUARIO\Desktop\fct\FIREWALL\cloudguardian-deploy\backend\cloudguardian\views.py changed, reloading.
INFO 2025-05-20 17:22:39,891 autoreload 5240 11064 Watching for file changes with StatReloader
INFO 2025-05-20 17:22:41,873 autoreload 5240 11064 C:\Users\USUARIO\Desktop\fct\FIREWALL\cloudguardian-deploy\backend\cloudguardian\views.py changed, reloading.
INFO 2025-05-20 17:22:42,502 autoreload 1904 19808 Watching for file changes with StatReloader
INFO 2025-05-20 17:22:45,488 autoreload 1904 19808 C:\Users\USUARIO\Desktop\fct\FIREWALL\cloudguardian-deploy\backend\cloudguardian\views.py changed, reloading.
INFO 2025-05-20 17:22:46,109 autoreload 16544 22456 Watching for file changes with StatReloader
INFO 2025-05-20 17:30:44,589 autoreload 16544 22456 C:\Users\USUARIO\Desktop\fct\FIREWALL\cloudguardian-deploy\backend\cloudguardian\utils.py changed, reloading.
INFO 2025-05-20 17:30:45,212 autoreload 16288 22172 Watching for file changes with StatReloader
INFO 2025-05-20 17:32:54,420 autoreload 16288 22172 C:\Users\USUARIO\Desktop\fct\FIREWALL\cloudguardian-deploy\backend\cloudguardian\views.py changed, reloading.
INFO 2025-05-20 17:32:55,043 autoreload 24008 22072 Watching for file changes with StatReloader
INFO 2025-05-20 17:33:00,132 autoreload 24008 22072 C:\Users\USUARIO\Desktop\fct\FIREWALL\cloudguardian-deploy\backend\cloudguardian\views.py changed, reloading.
INFO 2025-05-20 17:33:00,832 autoreload 17992 27292 Watching for file changes with StatReloader
INFO 2025-05-20 17:33:04,654 autoreload 17992 27292 C:\Users\USUARIO\Desktop\fct\FIREWALL\cloudguardian-deploy\backend\cloudguardian\views.py changed, reloading.
INFO 2025-05-20 17:33:05,194 autoreload 24564 20324 Watching for file changes with StatReloader
INFO 2025-05-20 17:33:47,731 autoreload 24564 20324 C:\Users\USUARIO\Desktop\fct\FIREWALL\cloudguardian-deploy\backend\cloudguardian\views.py changed, reloading.
INFO 2025-05-20 17:33:48,312 autoreload 12440 7312 Watching for file changes with StatReloader
ERROR 2025-05-20 17:35:02,915 log 12440 8148 Internal Server Error: /dominios_proxy/
Traceback (most recent call last):
  File "C:\Users\USUARIO\Desktop\fct\FIREWALL\cloudguardian-deploy\backend\venv\Lib\site-packages\django\core\handlers\exception.py", line 55, in inner
    response = get_response(request)
  File "C:\Users\USUARIO\Desktop\fct\FIREWALL\cloudguardian-deploy\backend\venv\Lib\site-packages\django\core\handlers\base.py", line 197, in _get_response
    response = wrapped_callback(request, *callback_args, **callback_kwargs)
  File "C:\Users\USUARIO\Desktop\fct\FIREWALL\cloudguardian-deploy\backend\venv\Lib\site-packages\django\contrib\auth\decorators.py", line 59, in _view_wrapper
    return view_func(request, *args, **kwargs)
  File "C:\Users\USUARIO\Desktop\fct\FIREWALL\cloudguardian-deploy\backend\cloudguardian\views.py", line 1444, in dominios_proxy_view
    return render(request, 'dominios_proxy.html', context)
  File "C:\Users\USUARIO\Desktop\fct\FIREWALL\cloudguardian-deploy\backend\venv\Lib\site-packages\django\shortcuts.py", line 25, in render
    content = loader.render_to_string(template_name, context, request, using=using)
  File "C:\Users\USUARIO\Desktop\fct\FIREWALL\cloudguardian-deploy\backend\venv\Lib\site-packages\django\template\loader.py", line 62, in render_to_string
    return template.render(context, request)
           ~~~~~~~~~~~~~~~^^^^^^^^^^^^^^^^^^
  File "C:\Users\USUARIO\Desktop\fct\FIREWALL\cloudguardian-deploy\backend\venv\Lib\site-packages\django\template\backends\django.py", line 107, in render
    return self.template.render(context)
           ~~~~~~~~~~~~~~~~~~~~^^^^^^^^^
  File "C:\Users\USUARIO\Desktop\fct\FIREWALL\cloudguardian-deploy\backend\venv\Lib\site-packages\django\template\base.py", line 171, in render
    return self._render(context)
           ~~~~~~~~~~~~^^^^^^^^^
  File "C:\Users\USUARIO\Desktop\fct\FIREWALL\cloudguardian-deploy\backend\venv\Lib\site-packages\django\template\base.py", line 163, in _render
    return self.nodelist.render(context)
           ~~~~~~~~~~~~~~~~~~~~^^^^^^^^^
  File "C:\Users\USUARIO\Desktop\fct\FIREWALL\cloudguardian-deploy\backend\venv\Lib\site-packages\django\template\base.py", line 1016, in render
    return SafeString("".join([node.render_annotated(context) for node in self]))
                               ~~~~~~~~~~~~~~~~~~~~~^^^^^^^^^
  File "C:\Users\USUARIO\Desktop\fct\FIREWALL\cloudguardian-deploy\backend\venv\Lib\site-packages\django\template\base.py", line 977, in render_annotated
    return self.render(context)
           ~~~~~~~~~~~^^^^^^^^^
  File "C:\Users\USUARIO\Desktop\fct\FIREWALL\cloudguardian-deploy\backend\venv\Lib\site-packages\django\template\loader_tags.py", line 159, in render
    return compiled_parent._render(context)
           ~~~~~~~~~~~~~~~~~~~~~~~^^^^^^^^^
  File "C:\Users\USUARIO\Desktop\fct\FIREWALL\cloudguardian-deploy\backend\venv\Lib\site-packages\django\template\base.py", line 163, in _render
    return self.nodelist.render(context)
           ~~~~~~~~~~~~~~~~~~~~^^^^^^^^^
  File "C:\Users\USUARIO\Desktop\fct\FIREWALL\cloudguardian-deploy\backend\venv\Lib\site-packages\django\template\base.py", line 1016, in render
    return SafeString("".join([node.render_annotated(context) for node in self]))
                               ~~~~~~~~~~~~~~~~~~~~~^^^^^^^^^
  File "C:\Users\USUARIO\Desktop\fct\FIREWALL\cloudguardian-deploy\backend\venv\Lib\site-packages\django\template\base.py", line 977, in render_annotated
    return self.render(context)
           ~~~~~~~~~~~^^^^^^^^^
  File "C:\Users\USUARIO\Desktop\fct\FIREWALL\cloudguardian-deploy\backend\venv\Lib\site-packages\django\template\loader_tags.py", line 65, in render
    result = block.nodelist.render(context)
  File "C:\Users\USUARIO\Desktop\fct\FIREWALL\cloudguardian-deploy\backend\venv\Lib\site-packages\django\template\base.py", line 1016, in render
    return SafeString("".join([node.render_annotated(context) for node in self]))
                               ~~~~~~~~~~~~~~~~~~~~~^^^^^^^^^
  File "C:\Users\USUARIO\Desktop\fct\FIREWALL\cloudguardian-deploy\backend\venv\Lib\site-packages\django\template\base.py", line 977, in render_annotated
    return self.render(context)
           ~~~~~~~~~~~^^^^^^^^^
  File "C:\Users\USUARIO\Desktop\fct\FIREWALL\cloudguardian-deploy\backend\venv\Lib\site-packages\django\template\defaulttags.py", line 480, in render
    url = reverse(view_name, args=args, kwargs=kwargs, current_app=current_app)
  File "C:\Users\USUARIO\Desktop\fct\FIREWALL\cloudguardian-deploy\backend\venv\Lib\site-packages\django\urls\base.py", line 98, in reverse
    resolved_url = resolver._reverse_with_prefix(view, prefix, *args, **kwargs)
  File "C:\Users\USUARIO\Desktop\fct\FIREWALL\cloudguardian-deploy\backend\venv\Lib\site-packages\django\urls\resolvers.py", line 831, in _reverse_with_prefix
    raise NoReverseMatch(msg)
django.urls.exceptions.NoReverseMatch: Reverse for 'dominios_proxy_view' not found. 'dominios_proxy_view' is not a valid view function or pattern name.
ERROR 2025-05-20 17:35:02,926 basehttp 12440 8148 "GET /dominios_proxy/ HTTP/1.1" 500 172244
INFO 2025-05-20 17:35:05,287 basehttp 12440 8148 "GET / HTTP/1.1" 200 10275
ERROR 2025-05-20 17:35:08,504 log 12440 8148 Internal Server Error: /dominios_proxy/
Traceback (most recent call last):
  File "C:\Users\USUARIO\Desktop\fct\FIREWALL\cloudguardian-deploy\backend\venv\Lib\site-packages\django\core\handlers\exception.py", line 55, in inner
    response = get_response(request)
  File "C:\Users\USUARIO\Desktop\fct\FIREWALL\cloudguardian-deploy\backend\venv\Lib\site-packages\django\core\handlers\base.py", line 197, in _get_response
    response = wrapped_callback(request, *callback_args, **callback_kwargs)
  File "C:\Users\USUARIO\Desktop\fct\FIREWALL\cloudguardian-deploy\backend\venv\Lib\site-packages\django\contrib\auth\decorators.py", line 59, in _view_wrapper
    return view_func(request, *args, **kwargs)
  File "C:\Users\USUARIO\Desktop\fct\FIREWALL\cloudguardian-deploy\backend\cloudguardian\views.py", line 1444, in dominios_proxy_view
    return render(request, 'dominios_proxy.html', context)
  File "C:\Users\USUARIO\Desktop\fct\FIREWALL\cloudguardian-deploy\backend\venv\Lib\site-packages\django\shortcuts.py", line 25, in render
    content = loader.render_to_string(template_name, context, request, using=using)
  File "C:\Users\USUARIO\Desktop\fct\FIREWALL\cloudguardian-deploy\backend\venv\Lib\site-packages\django\template\loader.py", line 62, in render_to_string
    return template.render(context, request)
           ~~~~~~~~~~~~~~~^^^^^^^^^^^^^^^^^^
  File "C:\Users\USUARIO\Desktop\fct\FIREWALL\cloudguardian-deploy\backend\venv\Lib\site-packages\django\template\backends\django.py", line 107, in render
    return self.template.render(context)
           ~~~~~~~~~~~~~~~~~~~~^^^^^^^^^
  File "C:\Users\USUARIO\Desktop\fct\FIREWALL\cloudguardian-deploy\backend\venv\Lib\site-packages\django\template\base.py", line 171, in render
    return self._render(context)
           ~~~~~~~~~~~~^^^^^^^^^
  File "C:\Users\USUARIO\Desktop\fct\FIREWALL\cloudguardian-deploy\backend\venv\Lib\site-packages\django\template\base.py", line 163, in _render
    return self.nodelist.render(context)
           ~~~~~~~~~~~~~~~~~~~~^^^^^^^^^
  File "C:\Users\USUARIO\Desktop\fct\FIREWALL\cloudguardian-deploy\backend\venv\Lib\site-packages\django\template\base.py", line 1016, in render
    return SafeString("".join([node.render_annotated(context) for node in self]))
                               ~~~~~~~~~~~~~~~~~~~~~^^^^^^^^^
  File "C:\Users\USUARIO\Desktop\fct\FIREWALL\cloudguardian-deploy\backend\venv\Lib\site-packages\django\template\base.py", line 977, in render_annotated
    return self.render(context)
           ~~~~~~~~~~~^^^^^^^^^
  File "C:\Users\USUARIO\Desktop\fct\FIREWALL\cloudguardian-deploy\backend\venv\Lib\site-packages\django\template\loader_tags.py", line 159, in render
    return compiled_parent._render(context)
           ~~~~~~~~~~~~~~~~~~~~~~~^^^^^^^^^
  File "C:\Users\USUARIO\Desktop\fct\FIREWALL\cloudguardian-deploy\backend\venv\Lib\site-packages\django\template\base.py", line 163, in _render
    return self.nodelist.render(context)
           ~~~~~~~~~~~~~~~~~~~~^^^^^^^^^
  File "C:\Users\USUARIO\Desktop\fct\FIREWALL\cloudguardian-deploy\backend\venv\Lib\site-packages\django\template\base.py", line 1016, in render
    return SafeString("".join([node.render_annotated(context) for node in self]))
                               ~~~~~~~~~~~~~~~~~~~~~^^^^^^^^^
  File "C:\Users\USUARIO\Desktop\fct\FIREWALL\cloudguardian-deploy\backend\venv\Lib\site-packages\django\template\base.py", line 977, in render_annotated
    return self.render(context)
           ~~~~~~~~~~~^^^^^^^^^
  File "C:\Users\USUARIO\Desktop\fct\FIREWALL\cloudguardian-deploy\backend\venv\Lib\site-packages\django\template\loader_tags.py", line 65, in render
    result = block.nodelist.render(context)
  File "C:\Users\USUARIO\Desktop\fct\FIREWALL\cloudguardian-deploy\backend\venv\Lib\site-packages\django\template\base.py", line 1016, in render
    return SafeString("".join([node.render_annotated(context) for node in self]))
                               ~~~~~~~~~~~~~~~~~~~~~^^^^^^^^^
  File "C:\Users\USUARIO\Desktop\fct\FIREWALL\cloudguardian-deploy\backend\venv\Lib\site-packages\django\template\base.py", line 977, in render_annotated
    return self.render(context)
           ~~~~~~~~~~~^^^^^^^^^
  File "C:\Users\USUARIO\Desktop\fct\FIREWALL\cloudguardian-deploy\backend\venv\Lib\site-packages\django\template\defaulttags.py", line 480, in render
    url = reverse(view_name, args=args, kwargs=kwargs, current_app=current_app)
  File "C:\Users\USUARIO\Desktop\fct\FIREWALL\cloudguardian-deploy\backend\venv\Lib\site-packages\django\urls\base.py", line 98, in reverse
    resolved_url = resolver._reverse_with_prefix(view, prefix, *args, **kwargs)
  File "C:\Users\USUARIO\Desktop\fct\FIREWALL\cloudguardian-deploy\backend\venv\Lib\site-packages\django\urls\resolvers.py", line 831, in _reverse_with_prefix
    raise NoReverseMatch(msg)
django.urls.exceptions.NoReverseMatch: Reverse for 'dominios_proxy_view' not found. 'dominios_proxy_view' is not a valid view function or pattern name.
ERROR 2025-05-20 17:35:08,512 basehttp 12440 8148 "GET /dominios_proxy/ HTTP/1.1" 500 172244
INFO 2025-05-20 17:40:14,840 autoreload 12440 7312 C:\Users\USUARIO\Desktop\fct\FIREWALL\cloudguardian-deploy\backend\cloudguardian\urls.py changed, reloading.
INFO 2025-05-20 17:40:15,519 autoreload 27416 7408 Watching for file changes with StatReloader
WARNING 2025-05-20 17:40:32,714 log 27416 26640 Not Found: /dominios_proxy/
WARNING 2025-05-20 17:40:32,715 basehttp 27416 26640 "GET /dominios_proxy/ HTTP/1.1" 404 4868
INFO 2025-05-20 17:41:09,156 autoreload 27416 7408 C:\Users\USUARIO\Desktop\fct\FIREWALL\cloudguardian-deploy\backend\cloudguardian\urls.py changed, reloading.
INFO 2025-05-20 17:41:09,752 autoreload 21460 28316 Watching for file changes with StatReloader
WARNING 2025-05-20 17:41:12,631 log 21460 21308 Not Found: /dominios_proxy/
WARNING 2025-05-20 17:41:12,632 basehttp 21460 21308 "GET /dominios_proxy/ HTTP/1.1" 404 4873
INFO 2025-05-20 17:41:18,175 autoreload 21460 28316 C:\Users\USUARIO\Desktop\fct\FIREWALL\cloudguardian-deploy\backend\cloudguardian\urls.py changed, reloading.
INFO 2025-05-20 17:41:18,793 autoreload 28020 9972 Watching for file changes with StatReloader
INFO 2025-05-20 17:41:19,721 basehttp 28020 28640 "GET /dominios_proxy/ HTTP/1.1" 200 8880
INFO 2025-05-20 17:42:02,264 views 28020 28640 Usuario 'ian1990' intentando acción 'add' en dominios proxy (Dominio: 'ian.com', Destino: '192.168.1.100:8080').
INFO 2025-05-20 17:42:02,273 views 28020 28640 Dominio proxy 'ian.com' a '192.168.1.100:8080' añadido para 'ian1990'.
INFO 2025-05-20 17:42:02,273 utils 28020 28640 [Add domain proxy by ian1990] Generando configuración global de Caddy…
INFO 2025-05-20 17:42:02,277 utils 28020 28640 Ruta catch-all a Django configurada con dial: ':8000'.
INFO 2025-05-20 17:42:02,279 utils 28020 28640 Configuración de Caddy guardada en: C:\Users\USUARIO\Desktop\fct\FIREWALL\cloudguardian-deploy\backend\caddy_configs\caddy.json
ERROR 2025-05-20 17:42:04,322 utils 28020 28640 [Add domain proxy by ian1990] No se pudo conectar con la API de Caddy en http://127.0.0.1:2019. ¿Está Caddy corriendo?
WARNING 2025-05-20 17:42:04,323 views 28020 28640 Fallo en la recarga de Caddy tras añadir dominio proxy para 'ian1990': Error: No se pudo conectar con el servidor Caddy. Por favor, verifica su estado.
INFO 2025-05-20 17:42:04,325 basehttp 28020 28640 "POST /dominios_proxy/ HTTP/1.1" 302 0
INFO 2025-05-20 17:42:04,333 basehttp 28020 28640 "GET /dominios_proxy/ HTTP/1.1" 200 11734
INFO 2025-05-20 17:42:11,599 basehttp 28020 28640 "GET /configuracion/ HTTP/1.1" 200 11023
ERROR 2025-05-20 17:42:28,560 views 28020 28640 Error CRÍTICO en home_view para 'ian1990'.
Traceback (most recent call last):
  File "C:\Users\USUARIO\Desktop\fct\FIREWALL\cloudguardian-deploy\backend\cloudguardian\views.py", line 218, in home_view
    return render(request, 'home.html', context)
  File "C:\Users\USUARIO\Desktop\fct\FIREWALL\cloudguardian-deploy\backend\venv\Lib\site-packages\django\shortcuts.py", line 25, in render
    content = loader.render_to_string(template_name, context, request, using=using)
  File "C:\Users\USUARIO\Desktop\fct\FIREWALL\cloudguardian-deploy\backend\venv\Lib\site-packages\django\template\loader.py", line 62, in render_to_string
    return template.render(context, request)
           ~~~~~~~~~~~~~~~^^^^^^^^^^^^^^^^^^
  File "C:\Users\USUARIO\Desktop\fct\FIREWALL\cloudguardian-deploy\backend\venv\Lib\site-packages\django\template\backends\django.py", line 107, in render
    return self.template.render(context)
           ~~~~~~~~~~~~~~~~~~~~^^^^^^^^^
  File "C:\Users\USUARIO\Desktop\fct\FIREWALL\cloudguardian-deploy\backend\venv\Lib\site-packages\django\template\base.py", line 171, in render
    return self._render(context)
           ~~~~~~~~~~~~^^^^^^^^^
  File "C:\Users\USUARIO\Desktop\fct\FIREWALL\cloudguardian-deploy\backend\venv\Lib\site-packages\django\template\base.py", line 163, in _render
    return self.nodelist.render(context)
           ~~~~~~~~~~~~~~~~~~~~^^^^^^^^^
  File "C:\Users\USUARIO\Desktop\fct\FIREWALL\cloudguardian-deploy\backend\venv\Lib\site-packages\django\template\base.py", line 1016, in render
    return SafeString("".join([node.render_annotated(context) for node in self]))
                               ~~~~~~~~~~~~~~~~~~~~~^^^^^^^^^
  File "C:\Users\USUARIO\Desktop\fct\FIREWALL\cloudguardian-deploy\backend\venv\Lib\site-packages\django\template\base.py", line 977, in render_annotated
    return self.render(context)
           ~~~~~~~~~~~^^^^^^^^^
  File "C:\Users\USUARIO\Desktop\fct\FIREWALL\cloudguardian-deploy\backend\venv\Lib\site-packages\django\template\loader_tags.py", line 159, in render
    return compiled_parent._render(context)
           ~~~~~~~~~~~~~~~~~~~~~~~^^^^^^^^^
  File "C:\Users\USUARIO\Desktop\fct\FIREWALL\cloudguardian-deploy\backend\venv\Lib\site-packages\django\template\base.py", line 163, in _render
    return self.nodelist.render(context)
           ~~~~~~~~~~~~~~~~~~~~^^^^^^^^^
  File "C:\Users\USUARIO\Desktop\fct\FIREWALL\cloudguardian-deploy\backend\venv\Lib\site-packages\django\template\base.py", line 1016, in render
    return SafeString("".join([node.render_annotated(context) for node in self]))
                               ~~~~~~~~~~~~~~~~~~~~~^^^^^^^^^
  File "C:\Users\USUARIO\Desktop\fct\FIREWALL\cloudguardian-deploy\backend\venv\Lib\site-packages\django\template\base.py", line 977, in render_annotated
    return self.render(context)
           ~~~~~~~~~~~^^^^^^^^^
  File "C:\Users\USUARIO\Desktop\fct\FIREWALL\cloudguardian-deploy\backend\venv\Lib\site-packages\django\template\loader_tags.py", line 65, in render
    result = block.nodelist.render(context)
  File "C:\Users\USUARIO\Desktop\fct\FIREWALL\cloudguardian-deploy\backend\venv\Lib\site-packages\django\template\base.py", line 1016, in render
    return SafeString("".join([node.render_annotated(context) for node in self]))
                               ~~~~~~~~~~~~~~~~~~~~~^^^^^^^^^
  File "C:\Users\USUARIO\Desktop\fct\FIREWALL\cloudguardian-deploy\backend\venv\Lib\site-packages\django\template\base.py", line 977, in render_annotated
    return self.render(context)
           ~~~~~~~~~~~^^^^^^^^^
  File "C:\Users\USUARIO\Desktop\fct\FIREWALL\cloudguardian-deploy\backend\venv\Lib\site-packages\django\template\defaulttags.py", line 480, in render
    url = reverse(view_name, args=args, kwargs=kwargs, current_app=current_app)
  File "C:\Users\USUARIO\Desktop\fct\FIREWALL\cloudguardian-deploy\backend\venv\Lib\site-packages\django\urls\base.py", line 98, in reverse
    resolved_url = resolver._reverse_with_prefix(view, prefix, *args, **kwargs)
  File "C:\Users\USUARIO\Desktop\fct\FIREWALL\cloudguardian-deploy\backend\venv\Lib\site-packages\django\urls\resolvers.py", line 831, in _reverse_with_prefix
    raise NoReverseMatch(msg)
django.urls.exceptions.NoReverseMatch: Reverse for 'dominios_proxy' not found. 'dominios_proxy' is not a valid view function or pattern name.
ERROR 2025-05-20 17:42:28,629 log 28020 28640 Internal Server Error: /
Traceback (most recent call last):
  File "C:\Users\USUARIO\Desktop\fct\FIREWALL\cloudguardian-deploy\backend\cloudguardian\views.py", line 218, in home_view
    return render(request, 'home.html', context)
  File "C:\Users\USUARIO\Desktop\fct\FIREWALL\cloudguardian-deploy\backend\venv\Lib\site-packages\django\shortcuts.py", line 25, in render
    content = loader.render_to_string(template_name, context, request, using=using)
  File "C:\Users\USUARIO\Desktop\fct\FIREWALL\cloudguardian-deploy\backend\venv\Lib\site-packages\django\template\loader.py", line 62, in render_to_string
    return template.render(context, request)
           ~~~~~~~~~~~~~~~^^^^^^^^^^^^^^^^^^
  File "C:\Users\USUARIO\Desktop\fct\FIREWALL\cloudguardian-deploy\backend\venv\Lib\site-packages\django\template\backends\django.py", line 107, in render
    return self.template.render(context)
           ~~~~~~~~~~~~~~~~~~~~^^^^^^^^^
  File "C:\Users\USUARIO\Desktop\fct\FIREWALL\cloudguardian-deploy\backend\venv\Lib\site-packages\django\template\base.py", line 171, in render
    return self._render(context)
           ~~~~~~~~~~~~^^^^^^^^^
  File "C:\Users\USUARIO\Desktop\fct\FIREWALL\cloudguardian-deploy\backend\venv\Lib\site-packages\django\template\base.py", line 163, in _render
    return self.nodelist.render(context)
           ~~~~~~~~~~~~~~~~~~~~^^^^^^^^^
  File "C:\Users\USUARIO\Desktop\fct\FIREWALL\cloudguardian-deploy\backend\venv\Lib\site-packages\django\template\base.py", line 1016, in render
    return SafeString("".join([node.render_annotated(context) for node in self]))
                               ~~~~~~~~~~~~~~~~~~~~~^^^^^^^^^
  File "C:\Users\USUARIO\Desktop\fct\FIREWALL\cloudguardian-deploy\backend\venv\Lib\site-packages\django\template\base.py", line 977, in render_annotated
    return self.render(context)
           ~~~~~~~~~~~^^^^^^^^^
  File "C:\Users\USUARIO\Desktop\fct\FIREWALL\cloudguardian-deploy\backend\venv\Lib\site-packages\django\template\loader_tags.py", line 159, in render
    return compiled_parent._render(context)
           ~~~~~~~~~~~~~~~~~~~~~~~^^^^^^^^^
  File "C:\Users\USUARIO\Desktop\fct\FIREWALL\cloudguardian-deploy\backend\venv\Lib\site-packages\django\template\base.py", line 163, in _render
    return self.nodelist.render(context)
           ~~~~~~~~~~~~~~~~~~~~^^^^^^^^^
  File "C:\Users\USUARIO\Desktop\fct\FIREWALL\cloudguardian-deploy\backend\venv\Lib\site-packages\django\template\base.py", line 1016, in render
    return SafeString("".join([node.render_annotated(context) for node in self]))
                               ~~~~~~~~~~~~~~~~~~~~~^^^^^^^^^
  File "C:\Users\USUARIO\Desktop\fct\FIREWALL\cloudguardian-deploy\backend\venv\Lib\site-packages\django\template\base.py", line 977, in render_annotated
    return self.render(context)
           ~~~~~~~~~~~^^^^^^^^^
  File "C:\Users\USUARIO\Desktop\fct\FIREWALL\cloudguardian-deploy\backend\venv\Lib\site-packages\django\template\loader_tags.py", line 65, in render
    result = block.nodelist.render(context)
  File "C:\Users\USUARIO\Desktop\fct\FIREWALL\cloudguardian-deploy\backend\venv\Lib\site-packages\django\template\base.py", line 1016, in render
    return SafeString("".join([node.render_annotated(context) for node in self]))
                               ~~~~~~~~~~~~~~~~~~~~~^^^^^^^^^
  File "C:\Users\USUARIO\Desktop\fct\FIREWALL\cloudguardian-deploy\backend\venv\Lib\site-packages\django\template\base.py", line 977, in render_annotated
    return self.render(context)
           ~~~~~~~~~~~^^^^^^^^^
  File "C:\Users\USUARIO\Desktop\fct\FIREWALL\cloudguardian-deploy\backend\venv\Lib\site-packages\django\template\defaulttags.py", line 480, in render
    url = reverse(view_name, args=args, kwargs=kwargs, current_app=current_app)
  File "C:\Users\USUARIO\Desktop\fct\FIREWALL\cloudguardian-deploy\backend\venv\Lib\site-packages\django\urls\base.py", line 98, in reverse
    resolved_url = resolver._reverse_with_prefix(view, prefix, *args, **kwargs)
  File "C:\Users\USUARIO\Desktop\fct\FIREWALL\cloudguardian-deploy\backend\venv\Lib\site-packages\django\urls\resolvers.py", line 831, in _reverse_with_prefix
    raise NoReverseMatch(msg)
django.urls.exceptions.NoReverseMatch: Reverse for 'dominios_proxy' not found. 'dominios_proxy' is not a valid view function or pattern name.

During handling of the above exception, another exception occurred:

Traceback (most recent call last):
  File "C:\Users\USUARIO\Desktop\fct\FIREWALL\cloudguardian-deploy\backend\venv\Lib\site-packages\django\core\handlers\exception.py", line 55, in inner
    response = get_response(request)
  File "C:\Users\USUARIO\Desktop\fct\FIREWALL\cloudguardian-deploy\backend\venv\Lib\site-packages\django\core\handlers\base.py", line 197, in _get_response
    response = wrapped_callback(request, *callback_args, **callback_kwargs)
  File "C:\Users\USUARIO\Desktop\fct\FIREWALL\cloudguardian-deploy\backend\venv\Lib\site-packages\django\contrib\auth\decorators.py", line 59, in _view_wrapper
    return view_func(request, *args, **kwargs)
  File "C:\Users\USUARIO\Desktop\fct\FIREWALL\cloudguardian-deploy\backend\cloudguardian\views.py", line 225, in home_view
    return render(request, 'home.html', {'user': request.user, 'server_ip': server_ip, 'error_message': "No se pudieron cargar todos los datos."})
  File "C:\Users\USUARIO\Desktop\fct\FIREWALL\cloudguardian-deploy\backend\venv\Lib\site-packages\django\shortcuts.py", line 25, in render
    content = loader.render_to_string(template_name, context, request, using=using)
  File "C:\Users\USUARIO\Desktop\fct\FIREWALL\cloudguardian-deploy\backend\venv\Lib\site-packages\django\template\loader.py", line 62, in render_to_string
    return template.render(context, request)
           ~~~~~~~~~~~~~~~^^^^^^^^^^^^^^^^^^
  File "C:\Users\USUARIO\Desktop\fct\FIREWALL\cloudguardian-deploy\backend\venv\Lib\site-packages\django\template\backends\django.py", line 107, in render
    return self.template.render(context)
           ~~~~~~~~~~~~~~~~~~~~^^^^^^^^^
  File "C:\Users\USUARIO\Desktop\fct\FIREWALL\cloudguardian-deploy\backend\venv\Lib\site-packages\django\template\base.py", line 171, in render
    return self._render(context)
           ~~~~~~~~~~~~^^^^^^^^^
  File "C:\Users\USUARIO\Desktop\fct\FIREWALL\cloudguardian-deploy\backend\venv\Lib\site-packages\django\template\base.py", line 163, in _render
    return self.nodelist.render(context)
           ~~~~~~~~~~~~~~~~~~~~^^^^^^^^^
  File "C:\Users\USUARIO\Desktop\fct\FIREWALL\cloudguardian-deploy\backend\venv\Lib\site-packages\django\template\base.py", line 1016, in render
    return SafeString("".join([node.render_annotated(context) for node in self]))
                               ~~~~~~~~~~~~~~~~~~~~~^^^^^^^^^
  File "C:\Users\USUARIO\Desktop\fct\FIREWALL\cloudguardian-deploy\backend\venv\Lib\site-packages\django\template\base.py", line 977, in render_annotated
    return self.render(context)
           ~~~~~~~~~~~^^^^^^^^^
  File "C:\Users\USUARIO\Desktop\fct\FIREWALL\cloudguardian-deploy\backend\venv\Lib\site-packages\django\template\loader_tags.py", line 159, in render
    return compiled_parent._render(context)
           ~~~~~~~~~~~~~~~~~~~~~~~^^^^^^^^^
  File "C:\Users\USUARIO\Desktop\fct\FIREWALL\cloudguardian-deploy\backend\venv\Lib\site-packages\django\template\base.py", line 163, in _render
    return self.nodelist.render(context)
           ~~~~~~~~~~~~~~~~~~~~^^^^^^^^^
  File "C:\Users\USUARIO\Desktop\fct\FIREWALL\cloudguardian-deploy\backend\venv\Lib\site-packages\django\template\base.py", line 1016, in render
    return SafeString("".join([node.render_annotated(context) for node in self]))
                               ~~~~~~~~~~~~~~~~~~~~~^^^^^^^^^
  File "C:\Users\USUARIO\Desktop\fct\FIREWALL\cloudguardian-deploy\backend\venv\Lib\site-packages\django\template\base.py", line 977, in render_annotated
    return self.render(context)
           ~~~~~~~~~~~^^^^^^^^^
  File "C:\Users\USUARIO\Desktop\fct\FIREWALL\cloudguardian-deploy\backend\venv\Lib\site-packages\django\template\loader_tags.py", line 65, in render
    result = block.nodelist.render(context)
  File "C:\Users\USUARIO\Desktop\fct\FIREWALL\cloudguardian-deploy\backend\venv\Lib\site-packages\django\template\base.py", line 1016, in render
    return SafeString("".join([node.render_annotated(context) for node in self]))
                               ~~~~~~~~~~~~~~~~~~~~~^^^^^^^^^
  File "C:\Users\USUARIO\Desktop\fct\FIREWALL\cloudguardian-deploy\backend\venv\Lib\site-packages\django\template\base.py", line 977, in render_annotated
    return self.render(context)
           ~~~~~~~~~~~^^^^^^^^^
  File "C:\Users\USUARIO\Desktop\fct\FIREWALL\cloudguardian-deploy\backend\venv\Lib\site-packages\django\template\defaulttags.py", line 480, in render
    url = reverse(view_name, args=args, kwargs=kwargs, current_app=current_app)
  File "C:\Users\USUARIO\Desktop\fct\FIREWALL\cloudguardian-deploy\backend\venv\Lib\site-packages\django\urls\base.py", line 98, in reverse
    resolved_url = resolver._reverse_with_prefix(view, prefix, *args, **kwargs)
  File "C:\Users\USUARIO\Desktop\fct\FIREWALL\cloudguardian-deploy\backend\venv\Lib\site-packages\django\urls\resolvers.py", line 831, in _reverse_with_prefix
    raise NoReverseMatch(msg)
django.urls.exceptions.NoReverseMatch: Reverse for 'dominios_proxy' not found. 'dominios_proxy' is not a valid view function or pattern name.
ERROR 2025-05-20 17:42:28,644 basehttp 28020 28640 "GET / HTTP/1.1" 500 284182
INFO 2025-05-20 17:42:35,649 basehttp 28020 28640 "GET /destinos/ HTTP/1.1" 200 8835
ERROR 2025-05-20 17:42:38,423 views 28020 28640 Error CRÍTICO en home_view para 'ian1990'.
Traceback (most recent call last):
  File "C:\Users\USUARIO\Desktop\fct\FIREWALL\cloudguardian-deploy\backend\cloudguardian\views.py", line 218, in home_view
    return render(request, 'home.html', context)
  File "C:\Users\USUARIO\Desktop\fct\FIREWALL\cloudguardian-deploy\backend\venv\Lib\site-packages\django\shortcuts.py", line 25, in render
    content = loader.render_to_string(template_name, context, request, using=using)
  File "C:\Users\USUARIO\Desktop\fct\FIREWALL\cloudguardian-deploy\backend\venv\Lib\site-packages\django\template\loader.py", line 62, in render_to_string
    return template.render(context, request)
           ~~~~~~~~~~~~~~~^^^^^^^^^^^^^^^^^^
  File "C:\Users\USUARIO\Desktop\fct\FIREWALL\cloudguardian-deploy\backend\venv\Lib\site-packages\django\template\backends\django.py", line 107, in render
    return self.template.render(context)
           ~~~~~~~~~~~~~~~~~~~~^^^^^^^^^
  File "C:\Users\USUARIO\Desktop\fct\FIREWALL\cloudguardian-deploy\backend\venv\Lib\site-packages\django\template\base.py", line 171, in render
    return self._render(context)
           ~~~~~~~~~~~~^^^^^^^^^
  File "C:\Users\USUARIO\Desktop\fct\FIREWALL\cloudguardian-deploy\backend\venv\Lib\site-packages\django\template\base.py", line 163, in _render
    return self.nodelist.render(context)
           ~~~~~~~~~~~~~~~~~~~~^^^^^^^^^
  File "C:\Users\USUARIO\Desktop\fct\FIREWALL\cloudguardian-deploy\backend\venv\Lib\site-packages\django\template\base.py", line 1016, in render
    return SafeString("".join([node.render_annotated(context) for node in self]))
                               ~~~~~~~~~~~~~~~~~~~~~^^^^^^^^^
  File "C:\Users\USUARIO\Desktop\fct\FIREWALL\cloudguardian-deploy\backend\venv\Lib\site-packages\django\template\base.py", line 977, in render_annotated
    return self.render(context)
           ~~~~~~~~~~~^^^^^^^^^
  File "C:\Users\USUARIO\Desktop\fct\FIREWALL\cloudguardian-deploy\backend\venv\Lib\site-packages\django\template\loader_tags.py", line 159, in render
    return compiled_parent._render(context)
           ~~~~~~~~~~~~~~~~~~~~~~~^^^^^^^^^
  File "C:\Users\USUARIO\Desktop\fct\FIREWALL\cloudguardian-deploy\backend\venv\Lib\site-packages\django\template\base.py", line 163, in _render
    return self.nodelist.render(context)
           ~~~~~~~~~~~~~~~~~~~~^^^^^^^^^
  File "C:\Users\USUARIO\Desktop\fct\FIREWALL\cloudguardian-deploy\backend\venv\Lib\site-packages\django\template\base.py", line 1016, in render
    return SafeString("".join([node.render_annotated(context) for node in self]))
                               ~~~~~~~~~~~~~~~~~~~~~^^^^^^^^^
  File "C:\Users\USUARIO\Desktop\fct\FIREWALL\cloudguardian-deploy\backend\venv\Lib\site-packages\django\template\base.py", line 977, in render_annotated
    return self.render(context)
           ~~~~~~~~~~~^^^^^^^^^
  File "C:\Users\USUARIO\Desktop\fct\FIREWALL\cloudguardian-deploy\backend\venv\Lib\site-packages\django\template\loader_tags.py", line 65, in render
    result = block.nodelist.render(context)
  File "C:\Users\USUARIO\Desktop\fct\FIREWALL\cloudguardian-deploy\backend\venv\Lib\site-packages\django\template\base.py", line 1016, in render
    return SafeString("".join([node.render_annotated(context) for node in self]))
                               ~~~~~~~~~~~~~~~~~~~~~^^^^^^^^^
  File "C:\Users\USUARIO\Desktop\fct\FIREWALL\cloudguardian-deploy\backend\venv\Lib\site-packages\django\template\base.py", line 977, in render_annotated
    return self.render(context)
           ~~~~~~~~~~~^^^^^^^^^
  File "C:\Users\USUARIO\Desktop\fct\FIREWALL\cloudguardian-deploy\backend\venv\Lib\site-packages\django\template\defaulttags.py", line 480, in render
    url = reverse(view_name, args=args, kwargs=kwargs, current_app=current_app)
  File "C:\Users\USUARIO\Desktop\fct\FIREWALL\cloudguardian-deploy\backend\venv\Lib\site-packages\django\urls\base.py", line 98, in reverse
    resolved_url = resolver._reverse_with_prefix(view, prefix, *args, **kwargs)
  File "C:\Users\USUARIO\Desktop\fct\FIREWALL\cloudguardian-deploy\backend\venv\Lib\site-packages\django\urls\resolvers.py", line 831, in _reverse_with_prefix
    raise NoReverseMatch(msg)
django.urls.exceptions.NoReverseMatch: Reverse for 'dominios_proxy' not found. 'dominios_proxy' is not a valid view function or pattern name.
ERROR 2025-05-20 17:42:38,484 log 28020 28640 Internal Server Error: /
Traceback (most recent call last):
  File "C:\Users\USUARIO\Desktop\fct\FIREWALL\cloudguardian-deploy\backend\cloudguardian\views.py", line 218, in home_view
    return render(request, 'home.html', context)
  File "C:\Users\USUARIO\Desktop\fct\FIREWALL\cloudguardian-deploy\backend\venv\Lib\site-packages\django\shortcuts.py", line 25, in render
    content = loader.render_to_string(template_name, context, request, using=using)
  File "C:\Users\USUARIO\Desktop\fct\FIREWALL\cloudguardian-deploy\backend\venv\Lib\site-packages\django\template\loader.py", line 62, in render_to_string
    return template.render(context, request)
           ~~~~~~~~~~~~~~~^^^^^^^^^^^^^^^^^^
  File "C:\Users\USUARIO\Desktop\fct\FIREWALL\cloudguardian-deploy\backend\venv\Lib\site-packages\django\template\backends\django.py", line 107, in render
    return self.template.render(context)
           ~~~~~~~~~~~~~~~~~~~~^^^^^^^^^
  File "C:\Users\USUARIO\Desktop\fct\FIREWALL\cloudguardian-deploy\backend\venv\Lib\site-packages\django\template\base.py", line 171, in render
    return self._render(context)
           ~~~~~~~~~~~~^^^^^^^^^
  File "C:\Users\USUARIO\Desktop\fct\FIREWALL\cloudguardian-deploy\backend\venv\Lib\site-packages\django\template\base.py", line 163, in _render
    return self.nodelist.render(context)
           ~~~~~~~~~~~~~~~~~~~~^^^^^^^^^
  File "C:\Users\USUARIO\Desktop\fct\FIREWALL\cloudguardian-deploy\backend\venv\Lib\site-packages\django\template\base.py", line 1016, in render
    return SafeString("".join([node.render_annotated(context) for node in self]))
                               ~~~~~~~~~~~~~~~~~~~~~^^^^^^^^^
  File "C:\Users\USUARIO\Desktop\fct\FIREWALL\cloudguardian-deploy\backend\venv\Lib\site-packages\django\template\base.py", line 977, in render_annotated
    return self.render(context)
           ~~~~~~~~~~~^^^^^^^^^
  File "C:\Users\USUARIO\Desktop\fct\FIREWALL\cloudguardian-deploy\backend\venv\Lib\site-packages\django\template\loader_tags.py", line 159, in render
    return compiled_parent._render(context)
           ~~~~~~~~~~~~~~~~~~~~~~~^^^^^^^^^
  File "C:\Users\USUARIO\Desktop\fct\FIREWALL\cloudguardian-deploy\backend\venv\Lib\site-packages\django\template\base.py", line 163, in _render
    return self.nodelist.render(context)
           ~~~~~~~~~~~~~~~~~~~~^^^^^^^^^
  File "C:\Users\USUARIO\Desktop\fct\FIREWALL\cloudguardian-deploy\backend\venv\Lib\site-packages\django\template\base.py", line 1016, in render
    return SafeString("".join([node.render_annotated(context) for node in self]))
                               ~~~~~~~~~~~~~~~~~~~~~^^^^^^^^^
  File "C:\Users\USUARIO\Desktop\fct\FIREWALL\cloudguardian-deploy\backend\venv\Lib\site-packages\django\template\base.py", line 977, in render_annotated
    return self.render(context)
           ~~~~~~~~~~~^^^^^^^^^
  File "C:\Users\USUARIO\Desktop\fct\FIREWALL\cloudguardian-deploy\backend\venv\Lib\site-packages\django\template\loader_tags.py", line 65, in render
    result = block.nodelist.render(context)
  File "C:\Users\USUARIO\Desktop\fct\FIREWALL\cloudguardian-deploy\backend\venv\Lib\site-packages\django\template\base.py", line 1016, in render
    return SafeString("".join([node.render_annotated(context) for node in self]))
                               ~~~~~~~~~~~~~~~~~~~~~^^^^^^^^^
  File "C:\Users\USUARIO\Desktop\fct\FIREWALL\cloudguardian-deploy\backend\venv\Lib\site-packages\django\template\base.py", line 977, in render_annotated
    return self.render(context)
           ~~~~~~~~~~~^^^^^^^^^
  File "C:\Users\USUARIO\Desktop\fct\FIREWALL\cloudguardian-deploy\backend\venv\Lib\site-packages\django\template\defaulttags.py", line 480, in render
    url = reverse(view_name, args=args, kwargs=kwargs, current_app=current_app)
  File "C:\Users\USUARIO\Desktop\fct\FIREWALL\cloudguardian-deploy\backend\venv\Lib\site-packages\django\urls\base.py", line 98, in reverse
    resolved_url = resolver._reverse_with_prefix(view, prefix, *args, **kwargs)
  File "C:\Users\USUARIO\Desktop\fct\FIREWALL\cloudguardian-deploy\backend\venv\Lib\site-packages\django\urls\resolvers.py", line 831, in _reverse_with_prefix
    raise NoReverseMatch(msg)
django.urls.exceptions.NoReverseMatch: Reverse for 'dominios_proxy' not found. 'dominios_proxy' is not a valid view function or pattern name.

During handling of the above exception, another exception occurred:

Traceback (most recent call last):
  File "C:\Users\USUARIO\Desktop\fct\FIREWALL\cloudguardian-deploy\backend\venv\Lib\site-packages\django\core\handlers\exception.py", line 55, in inner
    response = get_response(request)
  File "C:\Users\USUARIO\Desktop\fct\FIREWALL\cloudguardian-deploy\backend\venv\Lib\site-packages\django\core\handlers\base.py", line 197, in _get_response
    response = wrapped_callback(request, *callback_args, **callback_kwargs)
  File "C:\Users\USUARIO\Desktop\fct\FIREWALL\cloudguardian-deploy\backend\venv\Lib\site-packages\django\contrib\auth\decorators.py", line 59, in _view_wrapper
    return view_func(request, *args, **kwargs)
  File "C:\Users\USUARIO\Desktop\fct\FIREWALL\cloudguardian-deploy\backend\cloudguardian\views.py", line 225, in home_view
    return render(request, 'home.html', {'user': request.user, 'server_ip': server_ip, 'error_message': "No se pudieron cargar todos los datos."})
  File "C:\Users\USUARIO\Desktop\fct\FIREWALL\cloudguardian-deploy\backend\venv\Lib\site-packages\django\shortcuts.py", line 25, in render
    content = loader.render_to_string(template_name, context, request, using=using)
  File "C:\Users\USUARIO\Desktop\fct\FIREWALL\cloudguardian-deploy\backend\venv\Lib\site-packages\django\template\loader.py", line 62, in render_to_string
    return template.render(context, request)
           ~~~~~~~~~~~~~~~^^^^^^^^^^^^^^^^^^
  File "C:\Users\USUARIO\Desktop\fct\FIREWALL\cloudguardian-deploy\backend\venv\Lib\site-packages\django\template\backends\django.py", line 107, in render
    return self.template.render(context)
           ~~~~~~~~~~~~~~~~~~~~^^^^^^^^^
  File "C:\Users\USUARIO\Desktop\fct\FIREWALL\cloudguardian-deploy\backend\venv\Lib\site-packages\django\template\base.py", line 171, in render
    return self._render(context)
           ~~~~~~~~~~~~^^^^^^^^^
  File "C:\Users\USUARIO\Desktop\fct\FIREWALL\cloudguardian-deploy\backend\venv\Lib\site-packages\django\template\base.py", line 163, in _render
    return self.nodelist.render(context)
           ~~~~~~~~~~~~~~~~~~~~^^^^^^^^^
  File "C:\Users\USUARIO\Desktop\fct\FIREWALL\cloudguardian-deploy\backend\venv\Lib\site-packages\django\template\base.py", line 1016, in render
    return SafeString("".join([node.render_annotated(context) for node in self]))
                               ~~~~~~~~~~~~~~~~~~~~~^^^^^^^^^
  File "C:\Users\USUARIO\Desktop\fct\FIREWALL\cloudguardian-deploy\backend\venv\Lib\site-packages\django\template\base.py", line 977, in render_annotated
    return self.render(context)
           ~~~~~~~~~~~^^^^^^^^^
  File "C:\Users\USUARIO\Desktop\fct\FIREWALL\cloudguardian-deploy\backend\venv\Lib\site-packages\django\template\loader_tags.py", line 159, in render
    return compiled_parent._render(context)
           ~~~~~~~~~~~~~~~~~~~~~~~^^^^^^^^^
  File "C:\Users\USUARIO\Desktop\fct\FIREWALL\cloudguardian-deploy\backend\venv\Lib\site-packages\django\template\base.py", line 163, in _render
    return self.nodelist.render(context)
           ~~~~~~~~~~~~~~~~~~~~^^^^^^^^^
  File "C:\Users\USUARIO\Desktop\fct\FIREWALL\cloudguardian-deploy\backend\venv\Lib\site-packages\django\template\base.py", line 1016, in render
    return SafeString("".join([node.render_annotated(context) for node in self]))
                               ~~~~~~~~~~~~~~~~~~~~~^^^^^^^^^
  File "C:\Users\USUARIO\Desktop\fct\FIREWALL\cloudguardian-deploy\backend\venv\Lib\site-packages\django\template\base.py", line 977, in render_annotated
    return self.render(context)
           ~~~~~~~~~~~^^^^^^^^^
  File "C:\Users\USUARIO\Desktop\fct\FIREWALL\cloudguardian-deploy\backend\venv\Lib\site-packages\django\template\loader_tags.py", line 65, in render
    result = block.nodelist.render(context)
  File "C:\Users\USUARIO\Desktop\fct\FIREWALL\cloudguardian-deploy\backend\venv\Lib\site-packages\django\template\base.py", line 1016, in render
    return SafeString("".join([node.render_annotated(context) for node in self]))
                               ~~~~~~~~~~~~~~~~~~~~~^^^^^^^^^
  File "C:\Users\USUARIO\Desktop\fct\FIREWALL\cloudguardian-deploy\backend\venv\Lib\site-packages\django\template\base.py", line 977, in render_annotated
    return self.render(context)
           ~~~~~~~~~~~^^^^^^^^^
  File "C:\Users\USUARIO\Desktop\fct\FIREWALL\cloudguardian-deploy\backend\venv\Lib\site-packages\django\template\defaulttags.py", line 480, in render
    url = reverse(view_name, args=args, kwargs=kwargs, current_app=current_app)
  File "C:\Users\USUARIO\Desktop\fct\FIREWALL\cloudguardian-deploy\backend\venv\Lib\site-packages\django\urls\base.py", line 98, in reverse
    resolved_url = resolver._reverse_with_prefix(view, prefix, *args, **kwargs)
  File "C:\Users\USUARIO\Desktop\fct\FIREWALL\cloudguardian-deploy\backend\venv\Lib\site-packages\django\urls\resolvers.py", line 831, in _reverse_with_prefix
    raise NoReverseMatch(msg)
django.urls.exceptions.NoReverseMatch: Reverse for 'dominios_proxy' not found. 'dominios_proxy' is not a valid view function or pattern name.
ERROR 2025-05-20 17:42:38,496 basehttp 28020 28640 "GET / HTTP/1.1" 500 284177
INFO 2025-05-20 17:43:03,380 basehttp 28020 28640 "GET / HTTP/1.1" 200 10275
INFO 2025-05-20 17:43:05,294 basehttp 28020 28640 "GET /dominios_proxy/ HTTP/1.1" 200 11282
INFO 2025-05-20 17:45:41,151 autoreload 28020 9972 C:\Users\USUARIO\Desktop\fct\FIREWALL\cloudguardian-deploy\backend\cloudguardian\views.py changed, reloading.
INFO 2025-05-20 17:45:41,775 autoreload 27436 20536 Watching for file changes with StatReloader
INFO 2025-05-20 17:46:43,725 autoreload 27436 20536 C:\Users\USUARIO\Desktop\fct\FIREWALL\cloudguardian-deploy\backend\cloudguardian\views.py changed, reloading.
INFO 2025-05-20 17:46:44,357 autoreload 5292 20024 Watching for file changes with StatReloader
INFO 2025-05-20 17:50:17,038 basehttp 5292 23480 "GET / HTTP/1.1" 200 11863
INFO 2025-05-20 17:50:17,283 basehttp 5292 23480 - Broken pipe from ('127.0.0.1', 57673)
INFO 2025-05-20 17:50:24,455 basehttp 5292 12080 "GET / HTTP/1.1" 200 11863
INFO 2025-05-20 17:50:24,582 basehttp 5292 12080 - Broken pipe from ('127.0.0.1', 57678)
INFO 2025-05-20 17:50:51,000 basehttp 5292 28668 "GET / HTTP/1.1" 200 11924
INFO 2025-05-20 17:51:37,365 basehttp 5292 28668 "GET / HTTP/1.1" 200 15694
INFO 2025-05-20 17:51:44,354 basehttp 5292 28668 "GET /ips-bloqueadas/ HTTP/1.1" 200 12566
INFO 2025-05-20 17:51:44,531 basehttp 5292 28668 - Broken pipe from ('127.0.0.1', 57680)
INFO 2025-05-20 17:51:45,747 basehttp 5292 25788 "GET /rutas-protegidas/ HTTP/1.1" 200 12088
INFO 2025-05-20 17:51:45,913 basehttp 5292 25788 - Broken pipe from ('127.0.0.1', 57687)
INFO 2025-05-20 17:51:47,080 basehttp 5292 27168 "GET /destinos/ HTTP/1.1" 200 14183
INFO 2025-05-20 17:51:48,363 basehttp 5292 27168 "GET /dominios_proxy/ HTTP/1.1" 200 16668
INFO 2025-05-20 17:51:51,345 basehttp 5292 27168 "GET / HTTP/1.1" 200 15694
INFO 2025-05-20 17:51:53,592 basehttp 5292 27168 "GET /dominios_proxy/ HTTP/1.1" 200 16668
INFO 2025-05-20 17:51:55,496 basehttp 5292 27168 "GET / HTTP/1.1" 200 15694
INFO 2025-05-20 17:51:55,637 basehttp 5292 27168 - Broken pipe from ('127.0.0.1', 57688)
INFO 2025-05-20 17:52:48,414 basehttp 5292 26176 "GET / HTTP/1.1" 200 17235
INFO 2025-05-20 17:52:48,565 basehttp 5292 26176 - Broken pipe from ('127.0.0.1', 57695)
INFO 2025-05-20 17:53:36,185 views 5292 2836 Usuario 'ian1990' cerrando sesión.
INFO 2025-05-20 17:53:36,194 basehttp 5292 2836 "POST /logout/ HTTP/1.1" 302 0
INFO 2025-05-20 17:53:36,201 basehttp 5292 2836 "GET /login/ HTTP/1.1" 200 11852
INFO 2025-05-20 17:53:36,363 basehttp 5292 2836 - Broken pipe from ('127.0.0.1', 57698)
INFO 2025-05-20 17:53:43,397 views 5292 17996 Usuario 'ian1990' ha iniciado sesión correctamente.
INFO 2025-05-20 17:53:43,402 basehttp 5292 17996 "POST /login/ HTTP/1.1" 302 0
INFO 2025-05-20 17:53:43,601 basehttp 5292 17996 "GET / HTTP/1.1" 200 17746
INFO 2025-05-20 17:53:59,383 basehttp 5292 17996 "GET / HTTP/1.1" 200 17235
INFO 2025-05-20 17:54:01,582 views 5292 17996 Usuario 'ian1990' cerrando sesión.
INFO 2025-05-20 17:54:01,593 basehttp 5292 17996 "POST /logout/ HTTP/1.1" 302 0
INFO 2025-05-20 17:54:01,598 basehttp 5292 17996 "GET /login/ HTTP/1.1" 200 11852
INFO 2025-05-20 17:54:09,332 views 5292 17996 Usuario 'ian1990' ha iniciado sesión correctamente.
INFO 2025-05-20 17:54:09,338 basehttp 5292 17996 "POST /login/ HTTP/1.1" 302 0
INFO 2025-05-20 17:54:09,690 basehttp 5292 17996 "GET / HTTP/1.1" 200 17690
INFO 2025-05-20 17:54:09,868 basehttp 5292 17996 - Broken pipe from ('127.0.0.1', 57700)
INFO 2025-05-20 17:55:14,840 basehttp 5292 27508 "GET /rutas-protegidas/ HTTP/1.1" 200 12088
INFO 2025-05-20 17:55:15,051 basehttp 5292 27508 - Broken pipe from ('127.0.0.1', 57711)
INFO 2025-05-20 17:55:16,659 basehttp 5292 10700 "GET /ips-bloqueadas/ HTTP/1.1" 200 12566
INFO 2025-05-20 17:55:18,176 basehttp 5292 10700 "GET /dominios_proxy/ HTTP/1.1" 200 16668
INFO 2025-05-20 17:55:20,427 basehttp 5292 10700 "GET / HTTP/1.1" 200 17235
INFO 2025-05-20 17:55:57,530 basehttp 5292 10700 "GET / HTTP/1.1" 200 17235
INFO 2025-05-20 17:56:04,415 basehttp 5292 10700 "GET /ips-bloqueadas/ HTTP/1.1" 200 12566
INFO 2025-05-20 17:56:05,482 basehttp 5292 10700 "GET /rutas-protegidas/ HTTP/1.1" 200 12088
INFO 2025-05-20 17:56:06,314 basehttp 5292 10700 "GET /destinos/ HTTP/1.1" 200 14183
INFO 2025-05-20 17:56:07,324 basehttp 5292 10700 "GET /dominios_proxy/ HTTP/1.1" 200 16668
INFO 2025-05-20 17:56:09,039 basehttp 5292 10700 "GET / HTTP/1.1" 200 17235
INFO 2025-05-20 18:00:26,226 basehttp 5292 22992 "GET / HTTP/1.1" 200 17618
INFO 2025-05-20 18:00:26,387 basehttp 5292 22992 - Broken pipe from ('127.0.0.1', 57757)
INFO 2025-05-20 18:01:08,498 basehttp 5292 15224 "GET / HTTP/1.1" 200 17581
INFO 2025-05-20 18:01:09,894 basehttp 5292 15224 "GET /configuracion/ HTTP/1.1" 200 18114
INFO 2025-05-20 18:01:15,715 basehttp 5292 15224 "GET / HTTP/1.1" 200 17581
INFO 2025-05-20 18:02:34,403 basehttp 5292 15224 "GET /ips-bloqueadas/ HTTP/1.1" 200 12912
INFO 2025-05-20 18:02:35,963 basehttp 5292 15224 "GET /rutas-protegidas/ HTTP/1.1" 200 12434
INFO 2025-05-20 18:02:36,128 basehttp 5292 15224 - Broken pipe from ('127.0.0.1', 57762)
INFO 2025-05-20 18:02:37,265 basehttp 5292 27052 "GET /destinos/ HTTP/1.1" 200 14529
INFO 2025-05-20 18:02:40,979 basehttp 5292 27052 "GET /dominios_proxy/ HTTP/1.1" 200 17014
INFO 2025-05-20 18:02:49,429 basehttp 5292 27052 "GET /destinos/ HTTP/1.1" 200 14529
INFO 2025-05-20 18:02:57,356 basehttp 5292 27052 "GET /dominios_proxy/ HTTP/1.1" 200 17014
INFO 2025-05-20 18:02:58,255 basehttp 5292 27052 "GET /destinos/ HTTP/1.1" 200 14529
INFO 2025-05-20 18:02:59,329 views 5292 27052 Usuario 'ian1990' intentando acción 'delete' en destinos externos (Alias: '', Destino: '').
INFO 2025-05-20 18:02:59,330 basehttp 5292 27052 "POST /destinos/ HTTP/1.1" 302 0
INFO 2025-05-20 18:02:59,337 basehttp 5292 27052 "GET /destinos/ HTTP/1.1" 200 15019
INFO 2025-05-20 18:03:01,751 basehttp 5292 27052 "GET /dominios_proxy/ HTTP/1.1" 200 17014
INFO 2025-05-20 18:03:05,412 views 5292 27052 Usuario 'ian1990' intentando acción 'delete' en dominios proxy (Dominio: 'ian.com', Destino: '').
INFO 2025-05-20 18:03:05,421 views 5292 27052 Dominio proxy 'ian.com' eliminado para 'ian1990'.
INFO 2025-05-20 18:03:05,422 utils 5292 27052 [Delete domain proxy by ian1990] Generando configuración global de Caddy…
INFO 2025-05-20 18:03:05,425 utils 5292 27052 Ruta catch-all a Django configurada con dial: ':8000'.
INFO 2025-05-20 18:03:05,427 utils 5292 27052 Configuración de Caddy guardada en: C:\Users\USUARIO\Desktop\fct\FIREWALL\cloudguardian-deploy\backend\caddy_configs\caddy.json
ERROR 2025-05-20 18:03:07,462 utils 5292 27052 [Delete domain proxy by ian1990] No se pudo conectar con la API de Caddy en http://127.0.0.1:2019. ¿Está Caddy corriendo?
WARNING 2025-05-20 18:03:07,462 views 5292 27052 Fallo en la recarga de Caddy tras eliminar dominio proxy para 'ian1990': Error: No se pudo conectar con el servidor Caddy. Por favor, verifica su estado.
INFO 2025-05-20 18:03:07,463 basehttp 5292 27052 "POST /dominios_proxy/ HTTP/1.1" 302 0
INFO 2025-05-20 18:03:07,471 basehttp 5292 27052 "GET /dominios_proxy/ HTTP/1.1" 200 15193
INFO 2025-05-20 18:04:40,615 views 5292 27052 Usuario 'ian1990' cerrando sesión.
INFO 2025-05-20 18:04:40,624 basehttp 5292 27052 "POST /logout/ HTTP/1.1" 302 0
INFO 2025-05-20 18:04:40,631 basehttp 5292 27052 "GET /login/ HTTP/1.1" 200 11860
INFO 2025-05-20 18:04:41,931 basehttp 5292 27052 "GET /register/ HTTP/1.1" 200 14499
INFO 2025-05-20 18:05:15,650 basehttp 5292 27052 "GET /register/ HTTP/1.1" 200 14498
INFO 2025-05-20 18:05:46,878 basehttp 5292 27052 "GET /login/ HTTP/1.1" 200 13595
INFO 2025-05-20 18:05:55,209 views 5292 27052 Usuario 'ian1990' ha iniciado sesión correctamente.
INFO 2025-05-20 18:05:55,215 basehttp 5292 27052 "POST /login/ HTTP/1.1" 302 0
INFO 2025-05-20 18:05:55,412 basehttp 5292 27052 "GET / HTTP/1.1" 200 18036
INFO 2025-05-20 18:06:05,096 views 5292 27052 Usuario 'ian1990' cerrando sesión.
INFO 2025-05-20 18:06:05,107 basehttp 5292 27052 "POST /logout/ HTTP/1.1" 302 0
INFO 2025-05-20 18:06:05,113 basehttp 5292 27052 "GET /login/ HTTP/1.1" 200 14420
INFO 2025-05-20 18:06:14,140 basehttp 5292 27052 "GET /register/ HTTP/1.1" 200 14498
INFO 2025-05-20 18:06:15,650 basehttp 5292 27052 "GET /login/ HTTP/1.1" 200 13577
INFO 2025-05-20 18:06:15,809 basehttp 5292 27052 - Broken pipe from ('127.0.0.1', 57773)
INFO 2025-05-20 18:09:32,741 basehttp 5292 11340 "GET /ips-bloqueadas/ HTTP/1.1" 302 0
INFO 2025-05-20 18:09:32,748 basehttp 5292 11340 "GET /login/?next=/ips-bloqueadas/ HTTP/1.1" 200 13579
INFO 2025-05-20 18:09:34,226 basehttp 5292 11340 "GET /ips-bloqueadas/ HTTP/1.1" 302 0
INFO 2025-05-20 18:09:34,231 basehttp 5292 11340 "GET /login/?next=/ips-bloqueadas/ HTTP/1.1" 200 13579
INFO 2025-05-20 18:09:34,384 basehttp 5292 11340 - Broken pipe from ('127.0.0.1', 57812)
INFO 2025-05-20 18:09:39,227 views 5292 1304 Usuario 'ian1990' ha iniciado sesión correctamente.
INFO 2025-05-20 18:09:39,232 basehttp 5292 1304 "POST /login/?next=/ips-bloqueadas/ HTTP/1.1" 302 0
INFO 2025-05-20 18:09:39,242 basehttp 5292 1304 "GET /ips-bloqueadas/ HTTP/1.1" 200 17245
INFO 2025-05-20 18:11:00,888 basehttp 5292 1304 "GET /configuracion/ HTTP/1.1" 200 17251
INFO 2025-05-20 18:11:02,002 basehttp 5292 1304 "GET /ips-bloqueadas/ HTTP/1.1" 200 16436
INFO 2025-05-20 18:11:04,609 basehttp 5292 1304 "GET / HTTP/1.1" 200 17581
INFO 2025-05-20 18:11:10,050 basehttp 5292 1304 "GET /rutas-protegidas/ HTTP/1.1" 200 12434
INFO 2025-05-20 18:11:34,960 basehttp 5292 1304 "GET /rutas-protegidas/ HTTP/1.1" 200 16502
INFO 2025-05-20 18:13:51,183 basehttp 5292 22044 "GET /destinos/ HTTP/1.1" 200 19573
INFO 2025-05-20 18:13:51,360 basehttp 5292 22044 - Broken pipe from ('127.0.0.1', 57831)
INFO 2025-05-20 18:14:57,716 basehttp 5292 5656 "GET /dominios_proxy/ HTTP/1.1" 200 16659
INFO 2025-05-20 18:14:57,909 basehttp 5292 5656 - Broken pipe from ('127.0.0.1', 57841)
INFO 2025-05-20 18:15:57,848 basehttp 5292 17332 "GET / HTTP/1.1" 200 17581
INFO 2025-05-20 18:15:58,008 basehttp 5292 17332 - Broken pipe from ('127.0.0.1', 57843)
